2021-03-03 12:32:38 



















2021-03-03 12:32:38 Lithium version v0.8.7.5-unk-beta (2015-01-12 16:55:18 -1000)
2021-03-03 12:32:38 Using OpenSSL version OpenSSL 1.0.2g  1 Mar 2016
2021-03-03 12:32:38 Default data directory /home/altcoin/.lithium
2021-03-03 12:32:38 Using data directory /home/altcoin/.lithium
2021-03-03 12:32:38 Using at most 125 connections (1024 file descriptors available)
2021-03-03 12:32:38 init message: Verifying wallet...
2021-03-03 12:32:38 dbenv.open LogDir=/home/altcoin/.lithium/database ErrorFile=/home/altcoin/.lithium/db.log
2021-03-03 12:32:38 Bound to [::]:2333
2021-03-03 12:32:38 Bound to 0.0.0.0:2333
2021-03-03 12:32:38 init message: Loading block index...
2021-03-03 12:32:38 Opening LevelDB in /home/altcoin/.lithium/blocks/index
2021-03-03 12:32:38 Opened LevelDB successfully
2021-03-03 12:32:38 Opening LevelDB in /home/altcoin/.lithium/chainstate
2021-03-03 12:32:38 Opened LevelDB successfully
2021-03-03 12:32:38 LoadBlockIndexDB(): last block file = 0
2021-03-03 12:32:38 LoadBlockIndexDB(): transaction index disabled
2021-03-03 12:32:38 Initializing databases...
2021-03-03 12:32:38 b7120ae968c0b849163b5844a64534fdd3b4390552f30743881f0c97feedc3f2
2021-03-03 12:32:38 12a765e31ffd4059bada1e25190f6e98c99d9714d334efa41a195a7e7e04bfe2
2021-03-03 12:32:38 ba0755a6b873568f7ab272a7d187c195fa5c514a65891ea11cf3b7688ba68e4e
2021-03-03 13:08:19 



















2021-03-03 13:08:19 Lithium version v0.8.7.5-unk-beta (2015-01-12 16:55:18 -1000)
2021-03-03 13:08:19 Using OpenSSL version OpenSSL 1.0.2g  1 Mar 2016
2021-03-03 13:08:19 Default data directory /home/altcoin/.lithium
2021-03-03 13:08:19 Using data directory /home/altcoin/.lithium
2021-03-03 13:08:19 Using at most 125 connections (1024 file descriptors available)
2021-03-03 13:08:19 init message: Verifying wallet...
2021-03-03 13:08:19 dbenv.open LogDir=/home/altcoin/.lithium/database ErrorFile=/home/altcoin/.lithium/db.log
2021-03-03 13:08:19 Bound to [::]:2333
2021-03-03 13:08:19 Bound to 0.0.0.0:2333
2021-03-03 13:08:19 init message: Loading block index...
2021-03-03 13:08:19 Opening LevelDB in /home/altcoin/.lithium/blocks/index
2021-03-03 13:08:19 Opened LevelDB successfully
2021-03-03 13:08:19 Opening LevelDB in /home/altcoin/.lithium/chainstate
2021-03-03 13:08:19 Opened LevelDB successfully
2021-03-03 13:08:19 LoadBlockIndexDB(): last block file = 0
2021-03-03 13:08:19 LoadBlockIndexDB(): transaction index disabled
2021-03-03 13:08:19 Initializing databases...
2021-03-03 13:08:19 Searching for genesis block...
2021-03-03 13:08:21 nonce 7C3F6000: hash = bf388d6241e760eb86ac79773eec19a9a23d210a070ad782e68f405e42ee5454 (target = 00000ffff0000000000000000000000000000000000000000000000000000000)
2021-03-03 13:08:22 nonce 7C3F7000: hash = 53a0bfab66fdb375fa0535fab8f9bc53d6e16b645d01736a1e96e0149485a498 (target = 00000ffff0000000000000000000000000000000000000000000000000000000)
2021-03-03 13:08:24 nonce 7C3F8000: hash = 7362544d541787f289db4bf0e81f146e7e5965d440b926a4dc28c8f98cc996d0 (target = 00000ffff0000000000000000000000000000000000000000000000000000000)
2021-03-03 13:08:25 nonce 7C3F9000: hash = 683bd5ed1c675838358983075dfdcb2365fa71c2815920bccf7903e54878fb38 (target = 00000ffff0000000000000000000000000000000000000000000000000000000)
2021-03-03 13:08:27 nonce 7C3FA000: hash = da71f6d0e40b46ce60a851b141ea5f629ef801c3274e8117bdc9dbd1bd0c2ef5 (target = 00000ffff0000000000000000000000000000000000000000000000000000000)
2021-03-03 13:08:28 nonce 7C3FB000: hash = ac0ccd7aca3654a521cc92af55d9beb1cc8abf5edbcd0175b4fa758951dcbec1 (target = 00000ffff0000000000000000000000000000000000000000000000000000000)
2021-03-03 13:08:30 nonce 7C3FC000: hash = e06feac5e6b7e17c62dce0af04373a8e1c590afe01d84e695f1b0804da115fca (target = 00000ffff0000000000000000000000000000000000000000000000000000000)
2021-03-03 13:08:31 nonce 7C3FD000: hash = bce1eb573427c0c4552b32cfe5db6970df66eb1673768a482023f6a616368f53 (target = 00000ffff0000000000000000000000000000000000000000000000000000000)
2021-03-03 13:08:32 nonce 7C3FE000: hash = 2fa9b88f8149ae8613b3faf0009c729badb0ae584f889aab9580fe12f44b1876 (target = 00000ffff0000000000000000000000000000000000000000000000000000000)
2021-03-03 13:08:34 nonce 7C3FF000: hash = bd549a567c95b53bb628189c3017beebe70a6bf090b8d9f7c80e8038f1a06a69 (target = 00000ffff0000000000000000000000000000000000000000000000000000000)
2021-03-03 13:08:35 nonce 7C400000: hash = e49e67074c051eae99fb02f7719b404badbb92545ace5e88f45316d81623a4c5 (target = 00000ffff0000000000000000000000000000000000000000000000000000000)
2021-03-03 13:08:37 nonce 7C401000: hash = 186494759cb96903f38e81bcb1e2c0102800685955223eb37cbf006ae8621a1b (target = 00000ffff0000000000000000000000000000000000000000000000000000000)
2021-03-03 13:08:38 nonce 7C402000: hash = 4637aaa7670b3f28856c46b09cbfd80ab2cb25d87a17e9bafa96d404ebac2bbf (target = 00000ffff0000000000000000000000000000000000000000000000000000000)
2021-03-03 13:08:40 nonce 7C403000: hash = 534c068f0b0dbdb9167099e9c5ec80682d656489a27fb349a0259c472401eff8 (target = 00000ffff0000000000000000000000000000000000000000000000000000000)
2021-03-03 13:08:41 nonce 7C404000: hash = 8209c55a777e29e35a92db86337b1a563bbe3924b6ec69235e9d9e2aafcc6e47 (target = 00000ffff0000000000000000000000000000000000000000000000000000000)
2021-03-03 13:08:43 nonce 7C405000: hash = 248003e55bcaf7e1afacdcdc37b113e8097f13f38e571d37ea88f4831532f014 (target = 00000ffff0000000000000000000000000000000000000000000000000000000)
2021-03-03 13:08:44 nonce 7C406000: hash = b25c8401593e83f79d61a04d2b007d5dea83e6db2bc6dca55e557640f5e8d340 (target = 00000ffff0000000000000000000000000000000000000000000000000000000)
2021-03-03 13:08:46 nonce 7C407000: hash = ca665883f437a4526cbeaa1d9ed088951f6084aa4cc214d01903aa6066eeea80 (target = 00000ffff0000000000000000000000000000000000000000000000000000000)
2021-03-03 13:08:47 nonce 7C408000: hash = 4a6772d0127d1e0d076ebd67e31e48082c7ec2fe27db34e24582e5289a368951 (target = 00000ffff0000000000000000000000000000000000000000000000000000000)
2021-03-03 13:08:48 nonce 7C409000: hash = 0d2d8f9e18382e26c7e57535b16a0c245ed1d8ae851c10d40e20187a388dc367 (target = 00000ffff0000000000000000000000000000000000000000000000000000000)
2021-03-03 13:08:50 nonce 7C40A000: hash = bead168cd71c4c97563b379fea5974b5469290f1d5f0c4fd7d337cf1a3a10cdf (target = 00000ffff0000000000000000000000000000000000000000000000000000000)
2021-03-03 13:08:51 nonce 7C40B000: hash = f01c13ed68826f33527f69341d9e682e75c6b13db5b54c30b31949c6c78d0e31 (target = 00000ffff0000000000000000000000000000000000000000000000000000000)
2021-03-03 13:08:53 nonce 7C40C000: hash = 55b3725a521e79593aeae74711e4945e9f9dbdd94238cc91f7d92f4f208aa09a (target = 00000ffff0000000000000000000000000000000000000000000000000000000)
2021-03-03 13:08:54 nonce 7C40D000: hash = 27a374356bd8ab2044b6dbc2b392da1aacc10646f17734dfb6585235725d4d15 (target = 00000ffff0000000000000000000000000000000000000000000000000000000)
2021-03-03 13:08:56 nonce 7C40E000: hash = e9d6020ea9b9f1bb326eb1f8ff9e0aa63ee1ac66fc3a30bcca4021ea11d4eede (target = 00000ffff0000000000000000000000000000000000000000000000000000000)
2021-03-03 13:08:57 nonce 7C40F000: hash = ce1a2fd68495c19ee0f4be2249b6b169c386aeb54502f6b4d6b69358f0cd26a7 (target = 00000ffff0000000000000000000000000000000000000000000000000000000)
2021-03-03 13:08:59 nonce 7C410000: hash = 8048b5c10cd53f3b2e32c7457f4688a03e0a4835a3f846369f98e2f16b983b21 (target = 00000ffff0000000000000000000000000000000000000000000000000000000)
2021-03-03 13:09:00 nonce 7C411000: hash = 55f6062ecfbd2d48e3a49c97bd9161c39738dd993213d352f415a854a4ed7f74 (target = 00000ffff0000000000000000000000000000000000000000000000000000000)
2021-03-03 13:09:02 nonce 7C412000: hash = fc31b50599b43acab998e84c1957a4698763a19c6a9d3324e76077c3eb9109ca (target = 00000ffff0000000000000000000000000000000000000000000000000000000)
2021-03-03 13:09:03 nonce 7C413000: hash = 6b6283c1d3430b76d702f162424bb52e8ee20ea75d8c31337ceeb07736b4b3ff (target = 00000ffff0000000000000000000000000000000000000000000000000000000)
2021-03-03 13:09:04 nonce 7C414000: hash = 6220d2924fc865477d06f6e3c63d4325e208427eaf491018c14538daaeca452f (target = 00000ffff0000000000000000000000000000000000000000000000000000000)
2021-03-03 13:09:06 nonce 7C415000: hash = 8479dffdb12e5aaf20c3b632c002cb9a283be03ff7bbd4e227d06a2334a80bc8 (target = 00000ffff0000000000000000000000000000000000000000000000000000000)
2021-03-03 13:09:07 nonce 7C416000: hash = b1a17d537e0e2189dd76b4807b528ac0f5916c45571a6be45234daa959393660 (target = 00000ffff0000000000000000000000000000000000000000000000000000000)
2021-03-03 13:09:09 nonce 7C417000: hash = f1a92817c82c83ff75a8203df8e0fd810b25a73538886380a4a21760c36c2fc1 (target = 00000ffff0000000000000000000000000000000000000000000000000000000)
2021-03-03 13:09:10 nonce 7C418000: hash = dbcad6d1b981897751cdc655e880a3b3d09fe72c56b983e9fb4d49a993ff8bb9 (target = 00000ffff0000000000000000000000000000000000000000000000000000000)
2021-03-03 13:09:12 nonce 7C419000: hash = 51b029b1ac8ac87554a640a1de63585e82516225955b19b2bca0b3936558e291 (target = 00000ffff0000000000000000000000000000000000000000000000000000000)
2021-03-03 13:09:14 nonce 7C41A000: hash = 87944e402c40cde0f1b6f30c67c88fcc4cb4d692495e528cdc47baae526f164a (target = 00000ffff0000000000000000000000000000000000000000000000000000000)
2021-03-03 13:09:15 nonce 7C41B000: hash = 86a3247f80fa04ec702cc5ed2b0f26b10d140033db75ded03045e68e9bcd5092 (target = 00000ffff0000000000000000000000000000000000000000000000000000000)
2021-03-03 13:09:17 nonce 7C41C000: hash = 4d9f49e612d7472556bd74c74181a097593a7ffcd98cd46ccb3f85710ffbff2a (target = 00000ffff0000000000000000000000000000000000000000000000000000000)
2021-03-03 13:09:18 nonce 7C41D000: hash = 7f169d89b3278d47ee79f1cef12e4b3e3f2bebc17f8d9e9ab0e50f7811949f09 (target = 00000ffff0000000000000000000000000000000000000000000000000000000)
2021-03-03 13:09:20 nonce 7C41E000: hash = f7f01466c7520b41a497121067f13d0f75d4a72f40a032ddaac6f7fb0738529b (target = 00000ffff0000000000000000000000000000000000000000000000000000000)
2021-03-03 13:09:21 nonce 7C41F000: hash = 8daa656dc95d129d459dc4fde7efa4ee27d12f7fab57cd34091a5865340fe254 (target = 00000ffff0000000000000000000000000000000000000000000000000000000)
2021-03-03 13:09:23 nonce 7C420000: hash = 256f094de2fe35f13b36abe049ba2b6544a1a925d11b7b7cfd44419897ae7478 (target = 00000ffff0000000000000000000000000000000000000000000000000000000)
2021-03-03 13:09:24 nonce 7C421000: hash = 8e99ffe3b385679ad89ed5f03775942fe534f510b6bf7a12276c2493dc885f0c (target = 00000ffff0000000000000000000000000000000000000000000000000000000)
2021-03-03 13:09:26 nonce 7C422000: hash = 17ed19344df768489bbf9b3d386299ee8f68df257b4196d3ba0294d39d172a4e (target = 00000ffff0000000000000000000000000000000000000000000000000000000)
2021-03-03 13:09:27 nonce 7C423000: hash = fc6e8c9091a66470118dadff49dc71a2304f35e6cf025f3bbbb1e902e737babc (target = 00000ffff0000000000000000000000000000000000000000000000000000000)
2021-03-03 13:09:29 nonce 7C424000: hash = aa3a6b945f23fc0cba9e7733ba759afe52e5d62dda3ae188b0256a2eca01e710 (target = 00000ffff0000000000000000000000000000000000000000000000000000000)
2021-03-03 13:09:30 nonce 7C425000: hash = 20b4cb1f39b929782584652ffaf56b8837069182d353569342589e19ce4b67d7 (target = 00000ffff0000000000000000000000000000000000000000000000000000000)
2021-03-03 13:09:31 nonce 7C426000: hash = 31d18c5719762c97879f377b7a2569cb5a5c9de5d486a76cf689f1f592006482 (target = 00000ffff0000000000000000000000000000000000000000000000000000000)
2021-03-03 13:09:33 nonce 7C427000: hash = 4fb605698ec936f8dd885b735105879b746d784b243c8cf5f7a2b0c2c56cee40 (target = 00000ffff0000000000000000000000000000000000000000000000000000000)
2021-03-03 13:09:34 nonce 7C428000: hash = 60ec40045f67b6d88a5898edd59d18a3d6bc105c90723c77eaeebb97f28f5422 (target = 00000ffff0000000000000000000000000000000000000000000000000000000)
2021-03-03 13:09:36 nonce 7C429000: hash = fe3269559b9b4c25339fe1a67ab41271b44d120165f4ee949cce74581e44c8e4 (target = 00000ffff0000000000000000000000000000000000000000000000000000000)
2021-03-03 13:09:37 nonce 7C42A000: hash = 1c8f88fe17500b265e2af5915ce871d1a1d91bb1c357f6bb67c8793b8b35a61b (target = 00000ffff0000000000000000000000000000000000000000000000000000000)
2021-03-03 13:09:39 nonce 7C42B000: hash = 7749d4c529eaab615f702213ffd336add7f4e9ba86c79168d28417c179ebb43d (target = 00000ffff0000000000000000000000000000000000000000000000000000000)
2021-03-03 13:09:40 nonce 7C42C000: hash = 38ae8565dbeeb45537d4a3f33442a3b738822f007cea0a38e37dc0c9de17e3ab (target = 00000ffff0000000000000000000000000000000000000000000000000000000)
2021-03-03 13:09:42 nonce 7C42D000: hash = 2ac8f65da1a1170a58127ca349d0bb2b65ad458a35860ba416fa4580797ada8d (target = 00000ffff0000000000000000000000000000000000000000000000000000000)
2021-03-03 13:09:43 nonce 7C42E000: hash = 95ba5ac827e478f51736c595555bccc28e46e31d516edfd7baaaa0f824646a79 (target = 00000ffff0000000000000000000000000000000000000000000000000000000)
2021-03-03 13:09:44 nonce 7C42F000: hash = 9105561dff1cd46bfb309168b41894255fd242d151a727ce0ab9d7249fd9c9f3 (target = 00000ffff0000000000000000000000000000000000000000000000000000000)
2021-03-03 13:09:46 nonce 7C430000: hash = 81f85a2167fded8ee4dc9d0848cd249c78445da3884ba1ac72f78176132458a1 (target = 00000ffff0000000000000000000000000000000000000000000000000000000)
2021-03-03 13:09:47 nonce 7C431000: hash = d06496065481cd9c4a11c2ccbfe059ae8edcbd1c4d1aaa7a50678102ffffef75 (target = 00000ffff0000000000000000000000000000000000000000000000000000000)
2021-03-03 13:09:49 nonce 7C432000: hash = a94c6647d3250f5e67f85b22cd0c406e2980bce30f9c8cd482134c5dceb3983f (target = 00000ffff0000000000000000000000000000000000000000000000000000000)
2021-03-03 13:09:50 nonce 7C433000: hash = 5342d5b6507015dd9d1316d7273df5b126af6354a7179de7dd4ce15cf1cdb37f (target = 00000ffff0000000000000000000000000000000000000000000000000000000)
2021-03-03 13:09:52 nonce 7C434000: hash = 128d2f95de0837ee19db9853c91759a20e549cea225c30b477ca815e2cd0501e (target = 00000ffff0000000000000000000000000000000000000000000000000000000)
2021-03-03 13:09:53 nonce 7C435000: hash = ab65127403e67e7a9767a680e36a8dad855cabc42432bd923c3c79ee3a29786a (target = 00000ffff0000000000000000000000000000000000000000000000000000000)
2021-03-03 13:09:55 nonce 7C436000: hash = 3bb311f00b05f494e7cce9ae88fbae4196642e76c7bf96b7cb4e530dfb89e526 (target = 00000ffff0000000000000000000000000000000000000000000000000000000)
2021-03-03 13:09:56 nonce 7C437000: hash = 9055d2359ef46270594e45ab7ec1dbf783e24ea0c25242a72dec15821265b330 (target = 00000ffff0000000000000000000000000000000000000000000000000000000)
2021-03-03 13:09:58 nonce 7C438000: hash = 49e4e1e88d8ffeae574e6a993a08f306affc076d757727cc30a14fc51bed6322 (target = 00000ffff0000000000000000000000000000000000000000000000000000000)
2021-03-03 13:09:59 nonce 7C439000: hash = 1aa1cc85236578285c5ffd7abd25612946ce3025652aaacf7debc12130e0baee (target = 00000ffff0000000000000000000000000000000000000000000000000000000)
2021-03-03 13:10:01 nonce 7C43A000: hash = c518b260e9130c2e0445c57e34fe0ac3b42fa9819ef9fa0e097871adf52c551d (target = 00000ffff0000000000000000000000000000000000000000000000000000000)
2021-03-03 13:10:02 nonce 7C43B000: hash = d5ce82871f69af61407db877524e7669cb7b48c2daa8c01a9b6ebf4ca3dfadea (target = 00000ffff0000000000000000000000000000000000000000000000000000000)
2021-03-03 13:10:03 nonce 7C43C000: hash = 0b07c542fc13ad2344842947f775f104ff4b102af9b1d801209e330fc7cb7b79 (target = 00000ffff0000000000000000000000000000000000000000000000000000000)
2021-03-03 13:10:05 nonce 7C43D000: hash = 3ea05978a048cf7668592176a6e1a5673aba4a67d15671873b3c040e6860392e (target = 00000ffff0000000000000000000000000000000000000000000000000000000)
2021-03-03 13:10:06 nonce 7C43E000: hash = f8ff77806b5e26c962c608ac73bbeb814c153343c14344ef312ee29008acb145 (target = 00000ffff0000000000000000000000000000000000000000000000000000000)
2021-03-03 13:10:08 nonce 7C43F000: hash = b5ec4106ff9fca1353cd86c7349fac41282cd36e39166ed88261fd325a016c64 (target = 00000ffff0000000000000000000000000000000000000000000000000000000)
2021-03-03 13:10:09 nonce 7C440000: hash = 3d009f8015b510fa55570ccc02275281e7c7e22d61433c4b4f7d41502c755413 (target = 00000ffff0000000000000000000000000000000000000000000000000000000)
2021-03-03 13:10:11 nonce 7C441000: hash = ac940dc91077f424824ec7f5273d3ba1d70d880b080198749e30aabefbf73afb (target = 00000ffff0000000000000000000000000000000000000000000000000000000)
2021-03-03 13:10:12 nonce 7C442000: hash = 1ffeca565351d41766a9eaa549daf4d4ffb472f259c6397945ce6285608e1e6a (target = 00000ffff0000000000000000000000000000000000000000000000000000000)
2021-03-03 13:10:14 nonce 7C443000: hash = eee03fda8bed661a2152461f5c031e0ee5dfd10457f63f6ff63fb56046c19013 (target = 00000ffff0000000000000000000000000000000000000000000000000000000)
2021-03-03 13:10:15 nonce 7C444000: hash = a5164a9ab9a3dbdff5c6e0ee2c8daea02bd51a617da90a8a5f77f5f3d0d09a3b (target = 00000ffff0000000000000000000000000000000000000000000000000000000)
2021-03-03 13:10:17 nonce 7C445000: hash = c12bbc3421611c0a52d82ddfd95b24682ab1815ba21fa0b3ae2eb1b74a8cdf2b (target = 00000ffff0000000000000000000000000000000000000000000000000000000)
2021-03-03 13:10:18 nonce 7C446000: hash = 91a5465ee06aeed4259a1ab8d8ac2ea7dca00982f3543a779f0d15a458d2860d (target = 00000ffff0000000000000000000000000000000000000000000000000000000)
2021-03-03 13:10:20 nonce 7C447000: hash = c07cf316ddf890cb5e39da1ad44e89cc16b68992dc76422540b9b2751fa66682 (target = 00000ffff0000000000000000000000000000000000000000000000000000000)
2021-03-03 13:10:21 nonce 7C448000: hash = 6755a9b50bfbeb405a7b5d61adc769f6584b5fe81d0821ffba8cd6a5e3aa1f32 (target = 00000ffff0000000000000000000000000000000000000000000000000000000)
2021-03-03 13:10:23 nonce 7C449000: hash = 3ce69af5f87c9baa1eb8e0e396a14b8bab168f88df7cba70977dee0411ac28c5 (target = 00000ffff0000000000000000000000000000000000000000000000000000000)
2021-03-03 13:10:24 nonce 7C44A000: hash = 1d57dee4daf84f8664d9a1ebaa535692404068b565ee0a96804007c465e8e5d2 (target = 00000ffff0000000000000000000000000000000000000000000000000000000)
2021-03-03 13:10:26 nonce 7C44B000: hash = 6417b797c033e2221c455843b498ee6e53a7280b0dd420bf40f476c70b2c33ff (target = 00000ffff0000000000000000000000000000000000000000000000000000000)
2021-03-03 13:10:27 nonce 7C44C000: hash = f60c7cd6d2e847b8dc9b61946deeb85d957cc1ae6ff2be63d1923c02bc9e33de (target = 00000ffff0000000000000000000000000000000000000000000000000000000)
2021-03-03 13:10:29 nonce 7C44D000: hash = 1528e643c1794d29c310e6633e7ff1123e804973042fa8633d367221cbfacf1e (target = 00000ffff0000000000000000000000000000000000000000000000000000000)
2021-03-03 13:10:30 nonce 7C44E000: hash = 3b65ee17d71b1585ca601018c56581da74721299c4e8b54c0b96812527ed1093 (target = 00000ffff0000000000000000000000000000000000000000000000000000000)
2021-03-03 13:10:32 nonce 7C44F000: hash = 522c996460164e7283db84de54cc2c8ca6eeba5ff7fdf8fe013d90eeb5d3cbc8 (target = 00000ffff0000000000000000000000000000000000000000000000000000000)
2021-03-03 13:10:33 nonce 7C450000: hash = 3faa4ce678b363ec81c3a493f63ca2970c3a4bc239f26266888775198e5d4cba (target = 00000ffff0000000000000000000000000000000000000000000000000000000)
2021-03-03 13:10:35 nonce 7C451000: hash = 4cc01370d693d6cd0f0a59c7c0b0639a40c47679c5589bdf1fa9c4726c3ae28e (target = 00000ffff0000000000000000000000000000000000000000000000000000000)
2021-03-03 13:10:36 nonce 7C452000: hash = da41ca29e807401f310e3aa9ff849922a2fdcebb23d4ee51d3314fca3aaeb3f3 (target = 00000ffff0000000000000000000000000000000000000000000000000000000)
2021-03-03 13:10:38 nonce 7C453000: hash = 7c33dca1d0310e4b8b4a02488fc0d7d68e63ebdb2bbd4dd391dd3493716c3d26 (target = 00000ffff0000000000000000000000000000000000000000000000000000000)
2021-03-03 13:10:39 nonce 7C454000: hash = 29f91e694e665d20e04a152d0312625a9a8621afe206576ab21f22000eccfe0d (target = 00000ffff0000000000000000000000000000000000000000000000000000000)
2021-03-03 13:10:40 nonce 7C455000: hash = cf92555836991d0d97edf867c028292f357de301d82651f37b01e4a0965cd072 (target = 00000ffff0000000000000000000000000000000000000000000000000000000)
2021-03-03 13:10:42 nonce 7C456000: hash = 70befd7de41b31610db631f336d7bef84960fcbba2b33add480c22890d07383d (target = 00000ffff0000000000000000000000000000000000000000000000000000000)
2021-03-03 13:10:43 nonce 7C457000: hash = 05148555675610d775919fcee10f1ea544bf9906e15cd0513d3eeeac3d1805f4 (target = 00000ffff0000000000000000000000000000000000000000000000000000000)
2021-03-03 13:10:45 nonce 7C458000: hash = 54b5f1f0f8a2dacc8ec24638db1c3c952322195be98834b54da4fe0f9056acd6 (target = 00000ffff0000000000000000000000000000000000000000000000000000000)
2021-03-03 13:10:46 nonce 7C459000: hash = 12ac8d3144ca8da0074baaf23af0411dd0e0ae7237171c0e890c6e30244a7437 (target = 00000ffff0000000000000000000000000000000000000000000000000000000)
2021-03-03 13:10:48 nonce 7C45A000: hash = 3d0ed4d6cd7fab473d54ca3f54623e3c2d267854b474e0a9a67b0c63b491282e (target = 00000ffff0000000000000000000000000000000000000000000000000000000)
2021-03-03 13:10:49 nonce 7C45B000: hash = 32cf72d3d4eebd3419a36daa3cef7a121ac653c6ea6c53cfc4fa18a5c0dda3c8 (target = 00000ffff0000000000000000000000000000000000000000000000000000000)
2021-03-03 13:10:51 nonce 7C45C000: hash = 2bba5e74a06df25c8a7ca838d3fd00b513c5216488e4f80b62c2c71c249abeb2 (target = 00000ffff0000000000000000000000000000000000000000000000000000000)
2021-03-03 13:10:52 nonce 7C45D000: hash = a2aa19bfcf134b9c9f3e4746441f0dcd9d2bc269fb38052a756f138f275adb35 (target = 00000ffff0000000000000000000000000000000000000000000000000000000)
2021-03-03 13:10:54 nonce 7C45E000: hash = 99ee363c2f0ed1741ca4970a45e9fc84866bc628a7cb7397257c218c84cf63fa (target = 00000ffff0000000000000000000000000000000000000000000000000000000)
2021-03-03 13:10:55 nonce 7C45F000: hash = 4b111ad8bd4520b65bed74d7c75166e20434ed628c1800540aa8f3126c2991e9 (target = 00000ffff0000000000000000000000000000000000000000000000000000000)
2021-03-03 13:10:56 nonce 7C460000: hash = eeb39fd52168c01037d7d7edde863f01844464c7c50e6aa12dd2ea118167073e (target = 00000ffff0000000000000000000000000000000000000000000000000000000)
2021-03-03 13:10:58 nonce 7C461000: hash = 34e70873b164da5df1ebd3cee0d6a525a665afba06cfad46691e62ebd8fc51b5 (target = 00000ffff0000000000000000000000000000000000000000000000000000000)
2021-03-03 13:10:59 nonce 7C462000: hash = bae52efd0ba16cb8bb7ed280541462de0bcda779e0c7c73d9165570d0b48b94f (target = 00000ffff0000000000000000000000000000000000000000000000000000000)
2021-03-03 13:11:01 nonce 7C463000: hash = 9ff3986155af6a43d44a6fe29f510caa3de90a0c4f203d39012e060f8de2d8a1 (target = 00000ffff0000000000000000000000000000000000000000000000000000000)
2021-03-03 13:11:02 nonce 7C464000: hash = 7d1ab1edbcb1ec741a1206747f052de44ace2bdd7b5602ae31c6c9284236237b (target = 00000ffff0000000000000000000000000000000000000000000000000000000)
2021-03-03 13:11:04 nonce 7C465000: hash = 2057ff0e9411ff1e0a03f05ae13cf6862676c6187b2589134be41f06c940f4f8 (target = 00000ffff0000000000000000000000000000000000000000000000000000000)
2021-03-03 13:11:05 nonce 7C466000: hash = af5fe61aa7218645abcfc1056c936feb538cc3d2b2275d93a30c26999478d97f (target = 00000ffff0000000000000000000000000000000000000000000000000000000)
2021-03-03 13:11:07 nonce 7C467000: hash = 3ebea91b1a9291734c1828e21025382126a8eb5ea1f9b7788a19801ed4489ab8 (target = 00000ffff0000000000000000000000000000000000000000000000000000000)
2021-03-03 13:11:08 nonce 7C468000: hash = 054821553513475957e364ffeee551890d5768e0a7ad7f5bbeac83d18086fd22 (target = 00000ffff0000000000000000000000000000000000000000000000000000000)
2021-03-03 13:11:10 nonce 7C469000: hash = e92876ae993d5e3e67ed0bc1bb774312aa4d8004f399cbd5897f47da3d4657e3 (target = 00000ffff0000000000000000000000000000000000000000000000000000000)
2021-03-03 13:11:11 nonce 7C46A000: hash = 6c97db18399ea8d5562db599ec947b2d9793019d9c3a66145a7dae6dfb30fb09 (target = 00000ffff0000000000000000000000000000000000000000000000000000000)
2021-03-03 13:11:13 nonce 7C46B000: hash = c3ae423215b3f9272a9f207c30d42f55405d79e6a178ded3a6c117135a4c1433 (target = 00000ffff0000000000000000000000000000000000000000000000000000000)
2021-03-03 13:11:14 nonce 7C46C000: hash = 77eb5cc885472e193f52858e51238557cbd4487e0587508065396f5502ea4dba (target = 00000ffff0000000000000000000000000000000000000000000000000000000)
2021-03-03 13:11:16 nonce 7C46D000: hash = 208e7a54f33f98b4d2827939870bb69716de7401ec2323947b02917da4d40ed0 (target = 00000ffff0000000000000000000000000000000000000000000000000000000)
2021-03-03 13:11:17 nonce 7C46E000: hash = 64ec4e868fbdf3eb07c57554d81b374a6f524bf8325a72290698da98269533d0 (target = 00000ffff0000000000000000000000000000000000000000000000000000000)
2021-03-03 13:11:19 nonce 7C46F000: hash = 108d90c26e200b6ae26e8e658adb519337880d76414620e5f215c6611d221d83 (target = 00000ffff0000000000000000000000000000000000000000000000000000000)
2021-03-03 13:11:20 nonce 7C470000: hash = 8513001e3c12277c86b37bbfef073782418c068ce50767e89eb7e7d4ce001e18 (target = 00000ffff0000000000000000000000000000000000000000000000000000000)
2021-03-03 13:11:22 nonce 7C471000: hash = edc75403bbea29d70536cb128c28fdd36e98ab82ae1dd1da48b76ddc072934ba (target = 00000ffff0000000000000000000000000000000000000000000000000000000)
2021-03-03 13:11:23 nonce 7C472000: hash = a5cb98b6b71f3d23449e077cdaa6116eb518330750446b60ef1754a067ce8c6c (target = 00000ffff0000000000000000000000000000000000000000000000000000000)
2021-03-03 13:11:25 nonce 7C473000: hash = bec990a086ca465384d5fbce5d7020684ff39a2864a35e24f25628e344caae04 (target = 00000ffff0000000000000000000000000000000000000000000000000000000)
2021-03-03 13:11:26 nonce 7C474000: hash = ed77695f43ddc5dc9436ca4e59b22c3df273b6037b7287a36753b6f4d57d3963 (target = 00000ffff0000000000000000000000000000000000000000000000000000000)
2021-03-03 13:11:27 nonce 7C475000: hash = 6f9db96cd6ebbd2c283d1d11a21cec346e62734e0bf1d3a4fe948c6c24e8e7ab (target = 00000ffff0000000000000000000000000000000000000000000000000000000)
2021-03-03 13:11:29 nonce 7C476000: hash = c3f9fce195f5cf7a588f45899bf3063d6564adaebba33d93719e7caa5c3166d1 (target = 00000ffff0000000000000000000000000000000000000000000000000000000)
2021-03-03 13:11:30 nonce 7C477000: hash = 08d514a95036dd5d22614e348a75ff9e0a2fef52f27c3785f06b0370cd5dd7c1 (target = 00000ffff0000000000000000000000000000000000000000000000000000000)
2021-03-03 13:11:32 nonce 7C478000: hash = bb8719820cfe9473981b127e3f00bb193e1d1650de7b2db91907f9b4811153b5 (target = 00000ffff0000000000000000000000000000000000000000000000000000000)
2021-03-03 13:11:33 nonce 7C479000: hash = c5cd277135bf7feae0860d6202497940fa381dd472e0640dc0ed45e39e9c959f (target = 00000ffff0000000000000000000000000000000000000000000000000000000)
2021-03-03 13:11:35 nonce 7C47A000: hash = c405c227254d16d4ab44d9b6f0fdda59d5c82fb3d86e7ca0ea1eef5d45651492 (target = 00000ffff0000000000000000000000000000000000000000000000000000000)
2021-03-03 13:11:36 nonce 7C47B000: hash = 81f6e4338145a9c85f19d9ea4e426d7244929acdf2676be11ea5791d449f059f (target = 00000ffff0000000000000000000000000000000000000000000000000000000)
2021-03-03 13:11:38 nonce 7C47C000: hash = a7cb21ffc71abf2215ab9b96432d3076c20ba4780c4a007302a3c68dfe3aef5e (target = 00000ffff0000000000000000000000000000000000000000000000000000000)
2021-03-03 13:11:39 nonce 7C47D000: hash = 602db5b049ddf42d7b1c1809b0bc541658b061c1db7980d74b9edcfddd6706e7 (target = 00000ffff0000000000000000000000000000000000000000000000000000000)
2021-03-03 13:11:41 nonce 7C47E000: hash = 5d596aea13a50094d547af6c0688e9a41e9bfbdccb1b92019c04bcb4e2372c16 (target = 00000ffff0000000000000000000000000000000000000000000000000000000)
2021-03-03 13:11:42 nonce 7C47F000: hash = 426d0ec467681ed1fe2c8559c275602d4a37cb71f259f1e2bf3d9ec723a4730d (target = 00000ffff0000000000000000000000000000000000000000000000000000000)
2021-03-03 13:11:43 nonce 7C480000: hash = dbe20420631e5a70f1bd10716ad30d1e9a36a27c3010a0886d7e7d19f9a89e0f (target = 00000ffff0000000000000000000000000000000000000000000000000000000)
2021-03-03 13:11:45 nonce 7C481000: hash = a9ef2119296103cf2d2aa0637bc6623dae2f62bdc351ca22cc7693ea4623acf6 (target = 00000ffff0000000000000000000000000000000000000000000000000000000)
2021-03-03 13:11:46 nonce 7C482000: hash = a89aa6d85c04ff47f00fdbf94d7f465ca847059a427759c832e6b09fac647986 (target = 00000ffff0000000000000000000000000000000000000000000000000000000)
2021-03-03 13:11:48 nonce 7C483000: hash = 30750ce46ca550ec747d70a2d73dc0c1d749b71c0817a5a1afe9d271078f12b0 (target = 00000ffff0000000000000000000000000000000000000000000000000000000)
2021-03-03 13:11:49 nonce 7C484000: hash = 45248fb345cf5bcf4954cbd750073f4e90c80238b68fc738b449ed60881527a0 (target = 00000ffff0000000000000000000000000000000000000000000000000000000)
2021-03-03 13:11:51 nonce 7C485000: hash = d5eac08b4556645a17628b5071d403f2a545f68cdf380c91a629fafd770ab788 (target = 00000ffff0000000000000000000000000000000000000000000000000000000)
2021-03-03 13:11:52 nonce 7C486000: hash = 884a2660e645dc092c87e4b5af31c98abd743d6509b9fb5bc86267d9de54e00b (target = 00000ffff0000000000000000000000000000000000000000000000000000000)
2021-03-03 13:11:53 nonce 7C487000: hash = b86da9f85ec953f5f28692c5a6de2cbbc22157a8f29cc89380778cdabae1b152 (target = 00000ffff0000000000000000000000000000000000000000000000000000000)
2021-03-03 13:11:55 nonce 7C488000: hash = 915eaa14b3b5f3a9b97102dc6e8c6bdd81ed2c59d2c5a15c44be7281c679176e (target = 00000ffff0000000000000000000000000000000000000000000000000000000)
2021-03-03 13:11:56 nonce 7C489000: hash = 7c768bcd7d9f2928009f7f22e5fd0272e13661ec622ca63f9f43c028f1a43c24 (target = 00000ffff0000000000000000000000000000000000000000000000000000000)
2021-03-03 13:11:58 nonce 7C48A000: hash = cac757d0e79fcc74892a214d2261092f75e2723888fd000873ceb438aec2aef0 (target = 00000ffff0000000000000000000000000000000000000000000000000000000)
2021-03-03 13:11:59 nonce 7C48B000: hash = 4463544fb105441ce9c2b10aa61dde46616a7234be4d0cccb3d94325ea1b02c6 (target = 00000ffff0000000000000000000000000000000000000000000000000000000)
2021-03-03 13:12:01 nonce 7C48C000: hash = b01ae0d20935875a9ae30d22b088664cb306c237080b2d6b13127a27a8c74e98 (target = 00000ffff0000000000000000000000000000000000000000000000000000000)
2021-03-03 13:12:02 nonce 7C48D000: hash = f6d6ea115ae10551e34d02c335f73f3f57092fa61cb9f87043d060695a2adb3b (target = 00000ffff0000000000000000000000000000000000000000000000000000000)
2021-03-03 13:12:04 nonce 7C48E000: hash = fb57f005da810860f02672cd305c4ed52c4430a79acda8860ba53b07ba7c6ab2 (target = 00000ffff0000000000000000000000000000000000000000000000000000000)
2021-03-03 13:12:05 nonce 7C48F000: hash = 59d6029dd87dec2a3a19b373fcb97ef57d99659f05aa2197718113b59f6a4685 (target = 00000ffff0000000000000000000000000000000000000000000000000000000)
2021-03-03 13:12:07 nonce 7C490000: hash = 1691ac0b4c3fd9a3680d881869ee6cf3a1e25fdc601c219b8c21f539fd36f9de (target = 00000ffff0000000000000000000000000000000000000000000000000000000)
2021-03-03 13:12:08 nonce 7C491000: hash = d8b16f6a4ef88b261b29465ada3e43c30dab3782367833c78a3cab80474d57fa (target = 00000ffff0000000000000000000000000000000000000000000000000000000)
2021-03-03 13:12:10 nonce 7C492000: hash = 1fed56b8146f29b2cf122ef36c260202e19a0727d8eeda34be5d3933e3ce3349 (target = 00000ffff0000000000000000000000000000000000000000000000000000000)
2021-03-03 13:12:11 nonce 7C493000: hash = 9caa54724860ec38519c92e57e936a3a90e15002f38bacfbd891d6ae673569c5 (target = 00000ffff0000000000000000000000000000000000000000000000000000000)
2021-03-03 13:12:13 nonce 7C494000: hash = 672f8dddc425e32c6eddc4fa4d0d8fc91737f8b16c9bd01b2cb4d2c633c20615 (target = 00000ffff0000000000000000000000000000000000000000000000000000000)
2021-03-03 13:12:14 nonce 7C495000: hash = 69a5749e00b9ef8107a99dd7bd628a87cb0c25020cb57029445285623fd9f62a (target = 00000ffff0000000000000000000000000000000000000000000000000000000)
2021-03-03 13:12:16 nonce 7C496000: hash = c3506998e98a13ea659cd3c636651b187eb0ebe1a4304367a8ee985fbbb9ce75 (target = 00000ffff0000000000000000000000000000000000000000000000000000000)
2021-03-03 13:12:17 nonce 7C497000: hash = 6f600817dfb495f84641d47368fa2ccb22b655e636cbc1634dc98d801013384b (target = 00000ffff0000000000000000000000000000000000000000000000000000000)
2021-03-03 13:12:19 nonce 7C498000: hash = 719d0a4f339a414bc191f1ca0e142b47943de96c141777dad07b43bbdc91db49 (target = 00000ffff0000000000000000000000000000000000000000000000000000000)
2021-03-03 13:12:20 nonce 7C499000: hash = 318a61a709942809252b025ea93ca8082ef024690bcd3857da973e1d349ace09 (target = 00000ffff0000000000000000000000000000000000000000000000000000000)
2021-03-03 13:12:22 nonce 7C49A000: hash = 65b112d4088e6f181ac5329dc7448909f86f211c2def765188b6c81e5ec02c8b (target = 00000ffff0000000000000000000000000000000000000000000000000000000)
2021-03-03 13:12:23 nonce 7C49B000: hash = 387c77e1e1f085487b8ed56479e0ecb2d557f635139222d5e72b758c42f40e8d (target = 00000ffff0000000000000000000000000000000000000000000000000000000)
2021-03-03 13:12:24 nonce 7C49C000: hash = 35e294792ef179f1f6328b927318b762e09ae1bdd243b0e029d0416f49dbbaf6 (target = 00000ffff0000000000000000000000000000000000000000000000000000000)
2021-03-03 13:12:26 nonce 7C49D000: hash = 51869be0f83b915c5c4f44e6fa213db1b968b936e42a21f018342ffbf05ebf9f (target = 00000ffff0000000000000000000000000000000000000000000000000000000)
2021-03-03 13:12:27 nonce 7C49E000: hash = 5360a1ce7ab1c509816656dba409ca709ed774f335c06f37b187e10232b36a05 (target = 00000ffff0000000000000000000000000000000000000000000000000000000)
2021-03-03 13:12:29 nonce 7C49F000: hash = 67cc5a8c28120e5c407df2f03ab80414f55226c2e9e4c78e3813df642dbe7e39 (target = 00000ffff0000000000000000000000000000000000000000000000000000000)
2021-03-03 13:12:30 nonce 7C4A0000: hash = 7d97c52600cd587d22a9885f8b39bc2ce4a1b455368e8ec07480e221f5fa30ed (target = 00000ffff0000000000000000000000000000000000000000000000000000000)
2021-03-03 13:12:32 nonce 7C4A1000: hash = adb3f548f7219a8e62c45584bc72f133625d34b5f15dbc73190619db4f12905c (target = 00000ffff0000000000000000000000000000000000000000000000000000000)
2021-03-03 13:12:33 nonce 7C4A2000: hash = c3d71aec57b903f749c081f7e3b3cc608787c8fe73548eae9e886ca721438b02 (target = 00000ffff0000000000000000000000000000000000000000000000000000000)
2021-03-03 13:12:35 nonce 7C4A3000: hash = 8f488b9a82717b4eee41f96e727759ec77611e742aa790e13e289505134abfa4 (target = 00000ffff0000000000000000000000000000000000000000000000000000000)
2021-03-03 13:12:36 nonce 7C4A4000: hash = c7b7eedb9f5169a4f6504164c397c942986f0b975f7c0e12cadc3a8ac00ec94b (target = 00000ffff0000000000000000000000000000000000000000000000000000000)
2021-03-03 13:12:38 nonce 7C4A5000: hash = 217fad3d7e6b860024224cc34f18eee11ebe07d39efd690f16ab2b580a4f8569 (target = 00000ffff0000000000000000000000000000000000000000000000000000000)
2021-03-03 13:12:39 nonce 7C4A6000: hash = aec742c9d1cd52b5f327640773dbe3500b4060586db05cc2690c0c6adb047087 (target = 00000ffff0000000000000000000000000000000000000000000000000000000)
2021-03-03 13:12:41 nonce 7C4A7000: hash = 8fdc3da5472ac9357c17ecdad725ec8938cc7c9c271db1fc5d410864c17db491 (target = 00000ffff0000000000000000000000000000000000000000000000000000000)
2021-03-03 13:12:42 nonce 7C4A8000: hash = 9a40ac99b55d0d67df909e31e86014a85921613f01b25427113313435b3f35dd (target = 00000ffff0000000000000000000000000000000000000000000000000000000)
2021-03-03 13:12:43 nonce 7C4A9000: hash = 8201fe517439a3b1e2e0e8a9466b772a8212d862bdf6e2907d0d476db798982f (target = 00000ffff0000000000000000000000000000000000000000000000000000000)
2021-03-03 13:12:45 nonce 7C4AA000: hash = 1e7eba0bd0d6fda4a8af98182c034478ac7baff4bacef68e5dc168ee61d96617 (target = 00000ffff0000000000000000000000000000000000000000000000000000000)
2021-03-03 13:12:46 nonce 7C4AB000: hash = 23b9a665f8babc73ac7397286bb8a4dfdc901791f26c6a2454f615d3755e4814 (target = 00000ffff0000000000000000000000000000000000000000000000000000000)
2021-03-03 13:12:48 nonce 7C4AC000: hash = be448fcb4b813d0827c6a4e075cd85117ed9aaddf590992183d2fa39c45b124c (target = 00000ffff0000000000000000000000000000000000000000000000000000000)
2021-03-03 13:12:49 nonce 7C4AD000: hash = d9ffa1ac53af9d7d07c7dc07fe2fb418f46759263d4eb52cf89fa219f0d1c6d0 (target = 00000ffff0000000000000000000000000000000000000000000000000000000)
2021-03-03 13:12:51 nonce 7C4AE000: hash = cc2e575019d8c3c4351aafa6fdbd944d48a9ee2e0b97b8d9563d8ee8e70915de (target = 00000ffff0000000000000000000000000000000000000000000000000000000)
2021-03-03 13:12:52 nonce 7C4AF000: hash = f88a93e8982e140a84e5e4241ed6f9c7f45e33fde095a122b2b64388fd17a739 (target = 00000ffff0000000000000000000000000000000000000000000000000000000)
2021-03-03 13:12:54 nonce 7C4B0000: hash = 6b216235dd75bd488b3e4693482cec36feb106b1e591c6adbc5484d4f28a54ea (target = 00000ffff0000000000000000000000000000000000000000000000000000000)
2021-03-03 13:12:55 nonce 7C4B1000: hash = 0e7addabadafb1630498ae3f5e9f2f93021d3217de5e467b8d99e71ae4ab8fef (target = 00000ffff0000000000000000000000000000000000000000000000000000000)
2021-03-03 13:12:56 nonce 7C4B2000: hash = 726f93740189596397074e63be560b723eb2da70b6e17799bed40217c9022046 (target = 00000ffff0000000000000000000000000000000000000000000000000000000)
2021-03-03 13:12:58 nonce 7C4B3000: hash = ed14ceb09d4f471439935f0a09a768c4bbaaeca05076db27d8ef541b6925c7d5 (target = 00000ffff0000000000000000000000000000000000000000000000000000000)
2021-03-03 13:12:59 nonce 7C4B4000: hash = c6eabe49f310fcb2d3d7c6e180819edf48ddda8e8c82eebcfbcaceb7350e4a6b (target = 00000ffff0000000000000000000000000000000000000000000000000000000)
2021-03-03 13:13:01 nonce 7C4B5000: hash = c67b27ccaa18345fc5ffe4d889aed128338b5cc2a401aa686d99cb7a0ea9a458 (target = 00000ffff0000000000000000000000000000000000000000000000000000000)
2021-03-03 13:13:02 nonce 7C4B6000: hash = 555ec6f8e5baacf6aa0b65ef5434e9d7221483964beb6c23f3937ba8f8705d07 (target = 00000ffff0000000000000000000000000000000000000000000000000000000)
2021-03-03 13:13:04 nonce 7C4B7000: hash = 6a3e7510fa50656c2ed88b86dd09dc7af80c45144732c330de3fcc9aa2db4651 (target = 00000ffff0000000000000000000000000000000000000000000000000000000)
2021-03-03 13:13:05 nonce 7C4B8000: hash = 79e1086198a5669d47d201988ec2ab73d989829f94e5dc9516e92f799e88c8dd (target = 00000ffff0000000000000000000000000000000000000000000000000000000)
2021-03-03 13:13:07 nonce 7C4B9000: hash = be3461a52667718426940a7a128323bda8e706220e602c9d2440c3ba4489b03b (target = 00000ffff0000000000000000000000000000000000000000000000000000000)
2021-03-03 13:13:08 nonce 7C4BA000: hash = ee857c5ffff94d3eec160d76574e54597db829a0f79dd711f1bc55b78975f65e (target = 00000ffff0000000000000000000000000000000000000000000000000000000)
2021-03-03 13:13:10 nonce 7C4BB000: hash = a44b43e47dc3122f3963b424cec4e780969e650089e609b5297d546e8ab1c2de (target = 00000ffff0000000000000000000000000000000000000000000000000000000)
2021-03-03 13:13:11 nonce 7C4BC000: hash = 9e966a61715a1bafaf425d9f7eafdfabc8112c93827912c619fb6185d6168145 (target = 00000ffff0000000000000000000000000000000000000000000000000000000)
2021-03-03 13:13:13 nonce 7C4BD000: hash = 0258cb738581df3fc6860b28de20248711156a21636157634ce03d440a32c6fe (target = 00000ffff0000000000000000000000000000000000000000000000000000000)
2021-03-03 13:13:14 nonce 7C4BE000: hash = f2b4014e1c24d6286f43a9432e6faa3f14c889e4cedee93ea0cd00e4c2dbadeb (target = 00000ffff0000000000000000000000000000000000000000000000000000000)
2021-03-03 13:13:16 nonce 7C4BF000: hash = 9fbfd444c2439467fb75d010a626758563005eb05032bb86af874d24433bc3c1 (target = 00000ffff0000000000000000000000000000000000000000000000000000000)
2021-03-03 13:13:17 nonce 7C4C0000: hash = cf5099fc3930b4787e1eeae939ccae3086b797a40cd6e234105b21d0b371ff4a (target = 00000ffff0000000000000000000000000000000000000000000000000000000)
2021-03-03 13:13:19 nonce 7C4C1000: hash = 76489658f71aac1638812a58d8075508a55dc9fa89b72868acb5debc31463fd2 (target = 00000ffff0000000000000000000000000000000000000000000000000000000)
2021-03-03 13:13:20 nonce 7C4C2000: hash = 2982e1f0f94517490224259174b44ca147a1014d815c9a741c0ecbde5d3aa418 (target = 00000ffff0000000000000000000000000000000000000000000000000000000)
2021-03-03 13:13:22 nonce 7C4C3000: hash = 8d030592094d387fcbbecbe49dc58f10ce52c94afab728d7b66c7a55e9329cd2 (target = 00000ffff0000000000000000000000000000000000000000000000000000000)
2021-03-03 13:13:23 nonce 7C4C4000: hash = a2b44f5f14d5e762c0349c7f58ff284be0ac68c463b54c5bef2cfcd79587edba (target = 00000ffff0000000000000000000000000000000000000000000000000000000)
2021-03-03 13:13:25 nonce 7C4C5000: hash = 7d6e5a193aec032b1a99f072d47f4212a3a80120b1fece161aeffda67b9d409a (target = 00000ffff0000000000000000000000000000000000000000000000000000000)
2021-03-03 13:13:26 nonce 7C4C6000: hash = a6024a3ee5b3853046539f3970984e87a09c064a6a5f0066f8373ae118c9f0b7 (target = 00000ffff0000000000000000000000000000000000000000000000000000000)
2021-03-03 13:13:27 nonce 7C4C7000: hash = af6be07d6845f70b5137b091e93d63b44bcc31a435268def636d5308d78729c3 (target = 00000ffff0000000000000000000000000000000000000000000000000000000)
2021-03-03 13:13:29 nonce 7C4C8000: hash = f63028db54d3397e45403d96d853ed0cf7daa9a203e5a481227fac18558c30f1 (target = 00000ffff0000000000000000000000000000000000000000000000000000000)
2021-03-03 13:13:30 nonce 7C4C9000: hash = 80ae967015f74bf4ca534569c152dd6bacde872ef1cdc9ca0d6e9c1f931ea554 (target = 00000ffff0000000000000000000000000000000000000000000000000000000)
2021-03-03 13:13:32 nonce 7C4CA000: hash = ed8b678b2e2ec6d864fe0d763dfd6cd4b9585faabd59669b9653e6615ca505c3 (target = 00000ffff0000000000000000000000000000000000000000000000000000000)
2021-03-03 13:13:33 nonce 7C4CB000: hash = db1766178c6caa854010a2db8176f939752fceb5ebec0ff98a49f76a1dca15e7 (target = 00000ffff0000000000000000000000000000000000000000000000000000000)
2021-03-03 13:13:35 nonce 7C4CC000: hash = 57ca872977318af87d2a426255c5ccc22904916c5a2da0708fd9cb22f774b251 (target = 00000ffff0000000000000000000000000000000000000000000000000000000)
2021-03-03 13:13:36 nonce 7C4CD000: hash = 2ed9f9c345d9974a36b1dc45e9631cb21c8284aa30342ab8144fad63a0a5678f (target = 00000ffff0000000000000000000000000000000000000000000000000000000)
2021-03-03 13:13:38 nonce 7C4CE000: hash = dc617b440900d67c978b23fa4cc57ec052dc25e6077aa1830c0aace4b7ad3586 (target = 00000ffff0000000000000000000000000000000000000000000000000000000)
2021-03-03 13:13:39 nonce 7C4CF000: hash = 0619806d337e17e315d580afa773ea2e0e27bfd206910e77ecc35711e54a10c3 (target = 00000ffff0000000000000000000000000000000000000000000000000000000)
2021-03-03 13:13:41 nonce 7C4D0000: hash = 59be1cf566c98560656f01224e30d24542966661f721fbd01346bc9d75edd3e0 (target = 00000ffff0000000000000000000000000000000000000000000000000000000)
2021-03-03 13:13:42 nonce 7C4D1000: hash = 21686554771977d239bc371725421f352bf8a4716b656add57897f0df564ea01 (target = 00000ffff0000000000000000000000000000000000000000000000000000000)
2021-03-03 13:13:43 nonce 7C4D2000: hash = e2d1849849b0eaaeb2ec01ee4ec7c6ab6cfd2e637a00d13c33ff68682e7a5b84 (target = 00000ffff0000000000000000000000000000000000000000000000000000000)
2021-03-03 13:13:45 nonce 7C4D3000: hash = ecd0d09e1d1599dcfac4a9d216ab7d4c6509d636a7bbb7a4170615bf2a67e975 (target = 00000ffff0000000000000000000000000000000000000000000000000000000)
2021-03-03 13:13:46 nonce 7C4D4000: hash = 33e502042cf6895c4fc08403c07e80b3dbcfdf232b77e10f188758a67963c4c0 (target = 00000ffff0000000000000000000000000000000000000000000000000000000)
2021-03-03 13:13:48 nonce 7C4D5000: hash = 2079013110088d8b0a6f18febeaf8e2ca3182b33b2e780283b9eae78505b9ec2 (target = 00000ffff0000000000000000000000000000000000000000000000000000000)
2021-03-03 13:13:49 nonce 7C4D6000: hash = 6b14f8e688a497990de7077d06327122ddc0e094d03f7d4724868774132dd3c8 (target = 00000ffff0000000000000000000000000000000000000000000000000000000)
2021-03-03 13:13:51 nonce 7C4D7000: hash = 97ca0cd90e83d93458b2b541ce7887e0ad7e887f700a1bd6db0cf42fc2fcb257 (target = 00000ffff0000000000000000000000000000000000000000000000000000000)
2021-03-03 13:13:52 nonce 7C4D8000: hash = a20ba02c7ad900b2758caee4cef7ce691688ca43d9ea6fe197cea96d182c2e77 (target = 00000ffff0000000000000000000000000000000000000000000000000000000)
2021-03-03 13:13:53 nonce 7C4D9000: hash = 01506699d7a19dcac8de63636b3bb3553f13dfce61ee04e6fcfcc2641adaaf45 (target = 00000ffff0000000000000000000000000000000000000000000000000000000)
2021-03-03 13:13:55 nonce 7C4DA000: hash = 7fcc7a7e361da25f652ec323356913db61b729ce52df6ea18307e92b23bda9de (target = 00000ffff0000000000000000000000000000000000000000000000000000000)
2021-03-03 13:13:56 nonce 7C4DB000: hash = 45667b7a8b26013a5b2155d4d80667a8026129d79c7afb60bdeef9c2e85e79b7 (target = 00000ffff0000000000000000000000000000000000000000000000000000000)
2021-03-03 13:13:58 nonce 7C4DC000: hash = 1265b8462ff9a8c2110ab522262f2dec67045379e54ee64dfd0e3b0737dfde98 (target = 00000ffff0000000000000000000000000000000000000000000000000000000)
2021-03-03 13:13:59 nonce 7C4DD000: hash = abf7ad719dd403cce1c7840adff922d1763c94dde7d5ac593252d7e08d07f427 (target = 00000ffff0000000000000000000000000000000000000000000000000000000)
2021-03-03 13:14:01 nonce 7C4DE000: hash = 9cb1e17b8e94569b94d56c0ffb963b401bb26e0ea9c60ddd1fa502451d03cb59 (target = 00000ffff0000000000000000000000000000000000000000000000000000000)
2021-03-03 13:14:02 nonce 7C4DF000: hash = 16847aeea385f38c35924ad50f58a01c2ac08eefe1d9399d5c0dc2342c605188 (target = 00000ffff0000000000000000000000000000000000000000000000000000000)
2021-03-03 13:14:04 nonce 7C4E0000: hash = b78c872038dc8bd7bccd1736ea914156a7d14eef55e0f8994dc66b8ca2b71ffb (target = 00000ffff0000000000000000000000000000000000000000000000000000000)
2021-03-03 13:14:05 nonce 7C4E1000: hash = aacd28f642245b4ea31a72e804c0ef17a04a543f1266eb1fa6aeece30e3a003d (target = 00000ffff0000000000000000000000000000000000000000000000000000000)
2021-03-03 13:14:07 nonce 7C4E2000: hash = 9595e4b4e934300f962c7d65c07881d9bac0cdd14b35298641d3ab154d90e165 (target = 00000ffff0000000000000000000000000000000000000000000000000000000)
2021-03-03 13:14:08 nonce 7C4E3000: hash = 1dd6f4cd92c31aee7d8665ebd26cdd36f9ff31d61a8f585b3a496f6fb62e691c (target = 00000ffff0000000000000000000000000000000000000000000000000000000)
2021-03-03 13:14:10 nonce 7C4E4000: hash = a2ab7142b8033637021204697994e70369a4b786f04d009baabdb90073c444c2 (target = 00000ffff0000000000000000000000000000000000000000000000000000000)
2021-03-03 13:14:11 nonce 7C4E5000: hash = 6576868f590dd8eb1c7f0769ed7c2e4dd80ba6fcc74e996f3c477f1518d164e3 (target = 00000ffff0000000000000000000000000000000000000000000000000000000)
2021-03-03 13:14:13 nonce 7C4E6000: hash = 5454d18edbf5b6c7ce5c5c6cabf153045ebd0ed907ae1aaba64fce0cf923d314 (target = 00000ffff0000000000000000000000000000000000000000000000000000000)
2021-03-03 13:14:14 nonce 7C4E7000: hash = b103d8ce088eb1d84d17dc3c328e73bcbc4ada7de1cdaad5ed523a02b25e4feb (target = 00000ffff0000000000000000000000000000000000000000000000000000000)
2021-03-03 13:14:16 nonce 7C4E8000: hash = fd76bbd363ac3a7874bd7a6817eb956ce5f1791167a1a01eb408a6d9564c4108 (target = 00000ffff0000000000000000000000000000000000000000000000000000000)
2021-03-03 13:14:17 nonce 7C4E9000: hash = 2db1a6bcc1a8947b7b41049f5d800e316cedfbd8be6e082d34c081711fb1170a (target = 00000ffff0000000000000000000000000000000000000000000000000000000)
2021-03-03 13:14:19 nonce 7C4EA000: hash = 76558c18af3cca4a791906e0a535898f7c17ff955573d08a81d32e7465499fa5 (target = 00000ffff0000000000000000000000000000000000000000000000000000000)
2021-03-03 13:14:20 nonce 7C4EB000: hash = 7450ff686f220bbf43bcc7615ad2de270e0dfb278e381d135e757df98b36f6b9 (target = 00000ffff0000000000000000000000000000000000000000000000000000000)
2021-03-03 13:14:22 nonce 7C4EC000: hash = 1d22c81f51e7ff6bc4eb47f61dcb74324e92c0e8d6cd479d53a483a9bb0befcc (target = 00000ffff0000000000000000000000000000000000000000000000000000000)
2021-03-03 13:14:23 nonce 7C4ED000: hash = fb8b9343b0872c8a8ee7a35f674a2713233861d075e69cd113647d8d0d3c3dd2 (target = 00000ffff0000000000000000000000000000000000000000000000000000000)
2021-03-03 13:14:25 nonce 7C4EE000: hash = 41ab4e8b8e8339169239428742be0d0c21824d409732d2cd972395da323359b4 (target = 00000ffff0000000000000000000000000000000000000000000000000000000)
2021-03-03 13:14:26 nonce 7C4EF000: hash = 2a0dc839fc77468e49fc46423210d04b8a5d8bc8a230b13c795ae430cb7d7e46 (target = 00000ffff0000000000000000000000000000000000000000000000000000000)
2021-03-03 13:14:27 nonce 7C4F0000: hash = 06c4c82b39ed30f1118fd1b2d26f0a0f64727f784faf12215febe347c300fe61 (target = 00000ffff0000000000000000000000000000000000000000000000000000000)
2021-03-03 13:14:29 nonce 7C4F1000: hash = 706a2ce7f4ca8cadad2465e4eadbe9a5ee7a105d819aeb4bfa1e51b11a573f0e (target = 00000ffff0000000000000000000000000000000000000000000000000000000)
2021-03-03 13:14:30 nonce 7C4F2000: hash = aaa9465e51f64724d0c2d8054affb8aa62c2e399f35137e68281427d18e45731 (target = 00000ffff0000000000000000000000000000000000000000000000000000000)
2021-03-03 13:14:32 nonce 7C4F3000: hash = 88168e539c41c689f388e4630784c1746d3a044e5a88bbbe4dfc41867c072cf2 (target = 00000ffff0000000000000000000000000000000000000000000000000000000)
2021-03-03 13:14:33 nonce 7C4F4000: hash = 85dacab46564320b4d8473abe3839e820d6fba6b5bdf2ec0311f2808f69a14af (target = 00000ffff0000000000000000000000000000000000000000000000000000000)
2021-03-03 13:14:35 nonce 7C4F5000: hash = 7889f4ba4b6dd4294152392c5859cec639ac7023823dfd3fa2ee91fc0f1e09d7 (target = 00000ffff0000000000000000000000000000000000000000000000000000000)
2021-03-03 13:14:36 nonce 7C4F6000: hash = 69639e5dc94b7fb1d5278045ac416525a3e17e564d61e4cffb225702f5b01117 (target = 00000ffff0000000000000000000000000000000000000000000000000000000)
2021-03-03 13:14:38 nonce 7C4F7000: hash = 0acb7ba618c9bfa0f62356a4ea78448e170b67220ca71e9a9cb419662a28cf8d (target = 00000ffff0000000000000000000000000000000000000000000000000000000)
2021-03-03 13:14:39 nonce 7C4F8000: hash = 0a2406f7111309fbd4330cd669b6ab69878ef5a6d949badb33b434c5e06b44f6 (target = 00000ffff0000000000000000000000000000000000000000000000000000000)
2021-03-03 13:14:41 nonce 7C4F9000: hash = 1bc6ca12dd05a201cc176f56ce0cd16002a80eebe1310c379be34c6f36f47138 (target = 00000ffff0000000000000000000000000000000000000000000000000000000)
2021-03-03 13:14:42 nonce 7C4FA000: hash = cf381990dc0e808864eae59e47f006c4d4c432c5589745dde10a9c83ff302a93 (target = 00000ffff0000000000000000000000000000000000000000000000000000000)
2021-03-03 13:14:43 nonce 7C4FB000: hash = ae77ebf93f8a4994fdf67af620347f718d895a13fb2b5bace0f84e32dede5d46 (target = 00000ffff0000000000000000000000000000000000000000000000000000000)
2021-03-03 13:14:45 nonce 7C4FC000: hash = c8523bdb44d2f9c84cfb50d86d21a340385b24cceb56e6753496e2672590dedb (target = 00000ffff0000000000000000000000000000000000000000000000000000000)
2021-03-03 13:14:46 nonce 7C4FD000: hash = 260015112dfab5dd1ca17fd4003530e8c8853723a7d0201ac64a21f6bf55d03e (target = 00000ffff0000000000000000000000000000000000000000000000000000000)
2021-03-03 13:14:48 nonce 7C4FE000: hash = dc53ccdbb5d6a9504f8c3b4d5e37ad1393c10c29dcdcb70915c35c0b132d6dca (target = 00000ffff0000000000000000000000000000000000000000000000000000000)
2021-03-03 13:14:49 nonce 7C4FF000: hash = 2c5dee043b1469344673e7caf0e37560b8fbfbf04133c9bad4ec37a91276d901 (target = 00000ffff0000000000000000000000000000000000000000000000000000000)
2021-03-03 13:14:51 nonce 7C500000: hash = d27ec511ee862649dfc8efb1145b6fe1cfe71fda15f65cf7ece3b34cf154a9e3 (target = 00000ffff0000000000000000000000000000000000000000000000000000000)
2021-03-03 13:14:52 nonce 7C501000: hash = 36cdb0dd10600c632d6d9cf57f8564ee8729af66110cb179119493310a81d784 (target = 00000ffff0000000000000000000000000000000000000000000000000000000)
2021-03-03 13:14:54 nonce 7C502000: hash = 52afee69475146cff282b267ef25a631b5a35474538beca45479291f2ea9c609 (target = 00000ffff0000000000000000000000000000000000000000000000000000000)
2021-03-03 13:14:55 nonce 7C503000: hash = bde3a07569a22001bbff4f31734c765f723bbd120905b66e718a5defd58a51d5 (target = 00000ffff0000000000000000000000000000000000000000000000000000000)
2021-03-03 13:14:57 nonce 7C504000: hash = c7ed1bccd5de381c3ec12f4674a6277c635a44b686a00100b9fc9111b1cd381b (target = 00000ffff0000000000000000000000000000000000000000000000000000000)
2021-03-03 13:14:58 nonce 7C505000: hash = a3ef663f4459288b8fe911f848a6d7cae819c827375e5b65c7f17c2baa6893c8 (target = 00000ffff0000000000000000000000000000000000000000000000000000000)
2021-03-03 13:15:00 nonce 7C506000: hash = 6e7f37460d5d20afacd20df057f1a867f02472501079baf3b2b11c11b872887d (target = 00000ffff0000000000000000000000000000000000000000000000000000000)
2021-03-03 13:15:01 nonce 7C507000: hash = b1a181da551157b0563359b7515916f7b5f0ff28caa2a44b15b6c6eeb42d8748 (target = 00000ffff0000000000000000000000000000000000000000000000000000000)
2021-03-03 13:15:03 nonce 7C508000: hash = 633d1d0e5e6e517e630e1927133b305303bed000e9d7a96e96d7fe51265f60f2 (target = 00000ffff0000000000000000000000000000000000000000000000000000000)
2021-03-03 13:15:04 nonce 7C509000: hash = 80c4573d6d79dcb619ace319f8def3fd920817fc21c78c111bdd556cd60a4274 (target = 00000ffff0000000000000000000000000000000000000000000000000000000)
2021-03-03 13:15:06 nonce 7C50A000: hash = 5948fd89e1d99dd2a79cdfc634df1199cef2876ecf0f66c078878ffc05dad69a (target = 00000ffff0000000000000000000000000000000000000000000000000000000)
2021-03-03 13:15:07 nonce 7C50B000: hash = 84934664bd676004ecc9f687ef22d594ae89f575d9000fc812b250c2f2e1d7f2 (target = 00000ffff0000000000000000000000000000000000000000000000000000000)
2021-03-03 13:15:09 nonce 7C50C000: hash = 103b42af83882a1f81a3ece6f3913721c7f9903827d8f9d8999797fe5c8046c6 (target = 00000ffff0000000000000000000000000000000000000000000000000000000)
2021-03-03 13:15:11 nonce 7C50D000: hash = 627c201277dcecb80dfe04118d918e8fe7a900bcf2fe8d4d7f0877b8ded0a9e6 (target = 00000ffff0000000000000000000000000000000000000000000000000000000)
2021-03-03 13:15:12 nonce 7C50E000: hash = 8257190075d6e69dab0547ea0b935ba391c34bf0c7cf35eb1e9916650812e491 (target = 00000ffff0000000000000000000000000000000000000000000000000000000)
2021-03-03 13:15:14 nonce 7C50F000: hash = 76e157551b84ff7b314e2d01b88f20bb16ff11988e36f9e6bb48bd4c4b9f0eba (target = 00000ffff0000000000000000000000000000000000000000000000000000000)
2021-03-03 13:15:15 nonce 7C510000: hash = 9aa03c431da82be145a760ed99263a9abde180d6b7c5e9974447a5b5c8010759 (target = 00000ffff0000000000000000000000000000000000000000000000000000000)
2021-03-03 13:15:17 nonce 7C511000: hash = a1ca2c0092ee9f86e63726538791e1535334844e3ec72ecc5afb928e4f39a98f (target = 00000ffff0000000000000000000000000000000000000000000000000000000)
2021-03-03 13:15:18 nonce 7C512000: hash = 2a9f41c78b81cdd8e46587d2a96e6ef3d3002f43924cecdd976c7cb0d3723d8e (target = 00000ffff0000000000000000000000000000000000000000000000000000000)
2021-03-03 13:15:20 nonce 7C513000: hash = 27d1abf1703a570a2fd45518b31365eef1d095af6893e5b02ea0073a8fa51113 (target = 00000ffff0000000000000000000000000000000000000000000000000000000)
2021-03-03 13:15:21 nonce 7C514000: hash = dfacdf0a4978c13524fe23955a1d5dd044c35d7b18ab8d08006a9da1f3438feb (target = 00000ffff0000000000000000000000000000000000000000000000000000000)
2021-03-03 13:15:23 nonce 7C515000: hash = e6300b215cd3bdbae8c1dc5ff3fa0abc38b911b8687a97b54f204fbc515da3b4 (target = 00000ffff0000000000000000000000000000000000000000000000000000000)
2021-03-03 13:15:24 nonce 7C516000: hash = 6dbfd5fce09134df080acd364cda18adf671f28d7f650363852b4e11d3479789 (target = 00000ffff0000000000000000000000000000000000000000000000000000000)
2021-03-03 13:15:26 nonce 7C517000: hash = b07176fbd936bff3e41e4f89a56088f7279dbb6c83aee0fa8d9b29e8be940c75 (target = 00000ffff0000000000000000000000000000000000000000000000000000000)
2021-03-03 13:15:27 nonce 7C518000: hash = 4615b65cfa21f7d7b1fe7a84ea84f1ea474c4182dcdee819c083cbd2a07c251f (target = 00000ffff0000000000000000000000000000000000000000000000000000000)
2021-03-03 13:15:29 nonce 7C519000: hash = 26a6ddd5c400c8c9b71b6cfdd1fa087259d2a1671bc415a3acc87e88df110107 (target = 00000ffff0000000000000000000000000000000000000000000000000000000)
2021-03-03 13:15:30 nonce 7C51A000: hash = e4e30af00a5bf6662e4d4d5407a3e6aec516676a848bc505b1f06ffc52c45e18 (target = 00000ffff0000000000000000000000000000000000000000000000000000000)
2021-03-03 13:15:31 nonce 7C51B000: hash = 9b2f6634bd6f465ff2f9640a667d727b8aa22c9722dcf3a4ee552d19b74c8372 (target = 00000ffff0000000000000000000000000000000000000000000000000000000)
2021-03-03 13:15:33 nonce 7C51C000: hash = 9e2b121f398a502bf524f420e2f5f26cc84c1b8d1f107eb7de038923cf56a6bf (target = 00000ffff0000000000000000000000000000000000000000000000000000000)
2021-03-03 13:15:34 nonce 7C51D000: hash = 7aeb30d5a589a5074c85407ecdb2f54692726e7ddc25f0af89a264660ee9bb89 (target = 00000ffff0000000000000000000000000000000000000000000000000000000)
2021-03-03 13:15:36 nonce 7C51E000: hash = c66b0d6b4ead19bec643af49b244e9cd0ceb8cfcac6b4ffea694d263b822c7f4 (target = 00000ffff0000000000000000000000000000000000000000000000000000000)
2021-03-03 13:15:37 nonce 7C51F000: hash = 45a8ae98bdb009fb8173782736d771f1b0aa7a5666c3b1a5582a5c14d9fb866c (target = 00000ffff0000000000000000000000000000000000000000000000000000000)
2021-03-03 13:15:39 nonce 7C520000: hash = 87fa433efdbbc0b94ac0b1d12499316e4824862fd85e8b089c1978e03cbd036d (target = 00000ffff0000000000000000000000000000000000000000000000000000000)
2021-03-03 13:15:40 nonce 7C521000: hash = 97bd6bbadf3baa35f58bf1223b7caaf333315d735e8e87ea3b2f99d21806191d (target = 00000ffff0000000000000000000000000000000000000000000000000000000)
2021-03-03 13:15:42 nonce 7C522000: hash = a708715c0b0efd8badc05a20a62b0215a65cdf9785f25a93d2566c1df8604de0 (target = 00000ffff0000000000000000000000000000000000000000000000000000000)
2021-03-03 13:15:43 nonce 7C523000: hash = 73fdf582731c3f14385ad71085386a829b4a4e3dc8e801f5c2da2e9abfedac5c (target = 00000ffff0000000000000000000000000000000000000000000000000000000)
2021-03-03 13:15:45 nonce 7C524000: hash = c19f124150eb05e690fe922156cbe5b06c0853e6ea093f30d02aff3ffd6cf841 (target = 00000ffff0000000000000000000000000000000000000000000000000000000)
2021-03-03 13:15:46 nonce 7C525000: hash = 7505fd95608f3e7b1b0ed2918990d433c8c869d30881067aee704ad468980457 (target = 00000ffff0000000000000000000000000000000000000000000000000000000)
2021-03-03 13:15:47 nonce 7C526000: hash = 4e75c56c2b471a9fddcbee42d85df6a60ad3c854318d9a1ecbfc44928e792c19 (target = 00000ffff0000000000000000000000000000000000000000000000000000000)
2021-03-03 13:15:49 nonce 7C527000: hash = 561ff7d634e1ca4a2205a5ec8d9ad4a7a74ed9da1a02ddfc8bb41904faf9726e (target = 00000ffff0000000000000000000000000000000000000000000000000000000)
2021-03-03 13:15:50 nonce 7C528000: hash = c3cd5e71c6ca199a3fbc721ddc19c72999661649daaff16fd40ec95f005ac67b (target = 00000ffff0000000000000000000000000000000000000000000000000000000)
2021-03-03 13:15:52 nonce 7C529000: hash = f81d023c67ccc3de361a02bb5563ef36eb4bc0c7cf11c0cd4e7477f61d29677a (target = 00000ffff0000000000000000000000000000000000000000000000000000000)
2021-03-03 13:15:53 nonce 7C52A000: hash = 12bac7c703c58274edf917314ddd7ba72b482c43b7f5017a36897d3048266919 (target = 00000ffff0000000000000000000000000000000000000000000000000000000)
2021-03-03 13:15:55 nonce 7C52B000: hash = 165d3b55ac91b057d9da044b7e8beb578b04ba674432c74fb9256e97a380bb37 (target = 00000ffff0000000000000000000000000000000000000000000000000000000)
2021-03-03 13:15:56 nonce 7C52C000: hash = 0febf32f321038888665072aaefab6471b510109b96a9bd06e3b60197ab5b8bf (target = 00000ffff0000000000000000000000000000000000000000000000000000000)
2021-03-03 13:15:58 nonce 7C52D000: hash = bba0681c88f4244f9f80f603d2061c919b224b8926ba2a170cdcaea9e78f405b (target = 00000ffff0000000000000000000000000000000000000000000000000000000)
2021-03-03 13:15:59 nonce 7C52E000: hash = b7c5b11a667756e8d61a8f9c4a248ca83f26ecc98db7e160a25bf36edceabf17 (target = 00000ffff0000000000000000000000000000000000000000000000000000000)
2021-03-03 13:16:00 nonce 7C52F000: hash = 212c929f0c3cf43908e7d9503aeb3a7b87ed614f2b82f38b0d42f413d4c796e0 (target = 00000ffff0000000000000000000000000000000000000000000000000000000)
2021-03-03 13:16:02 nonce 7C530000: hash = 12934a406b6ae54f1974788cb64ec3e095873402f34f07f828f9f6da31d0d2c3 (target = 00000ffff0000000000000000000000000000000000000000000000000000000)
2021-03-03 13:16:03 nonce 7C531000: hash = 7c89c7c2b95bbad59ae46f98e23057e5cdd609c10866357819bcd485467d9229 (target = 00000ffff0000000000000000000000000000000000000000000000000000000)
2021-03-03 13:16:05 nonce 7C532000: hash = 4b5f0c85e978c8334dcf05e2ead192ccdd36a972f80ba162e0818e17ae725791 (target = 00000ffff0000000000000000000000000000000000000000000000000000000)
2021-03-03 13:16:06 nonce 7C533000: hash = 8091383be35a8a5c44e640ff4ab83940e9aec9a4ea476ef3aa54a59bb07e0d15 (target = 00000ffff0000000000000000000000000000000000000000000000000000000)
2021-03-03 13:16:08 nonce 7C534000: hash = fdc9552c8e1561d9f9b841a08bec582b5373611e49e3cd1c5d03b35d96cc3768 (target = 00000ffff0000000000000000000000000000000000000000000000000000000)
2021-03-03 13:16:09 nonce 7C535000: hash = 475a2f99751e8050dc9a0cbe9946aeef8920e6fef38930a2cfede1e1ede8dad3 (target = 00000ffff0000000000000000000000000000000000000000000000000000000)
2021-03-03 13:16:11 nonce 7C536000: hash = 8a5df3ffa9c88a56531b7421921d746ff22ddfc5a25807e595f45123d9de33f0 (target = 00000ffff0000000000000000000000000000000000000000000000000000000)
2021-03-03 13:16:12 nonce 7C537000: hash = 6fa9560eb06d78e7fe647df0a3e7ffac9c33f6a4ed14f981b9dc04a1bb89ae75 (target = 00000ffff0000000000000000000000000000000000000000000000000000000)
2021-03-03 13:16:14 nonce 7C538000: hash = aa973f1c5203319197b0ee01927cceb90e1939a5e87708c4627283df5d7fa7c3 (target = 00000ffff0000000000000000000000000000000000000000000000000000000)
2021-03-03 13:16:15 nonce 7C539000: hash = ea5fa0581cd09fa53908643ddeeba9546596ae88a2594978b826ea9c988c2fbf (target = 00000ffff0000000000000000000000000000000000000000000000000000000)
2021-03-03 13:16:17 nonce 7C53A000: hash = aa457c872734b0a135eb258f437ad0b243c3b0547893d75bcf5737275b41e561 (target = 00000ffff0000000000000000000000000000000000000000000000000000000)
2021-03-03 13:16:18 nonce 7C53B000: hash = 32695b27e04f4c27302ddcc3fc3084fa821ee4e9c16f837b4b610a2486d29aa7 (target = 00000ffff0000000000000000000000000000000000000000000000000000000)
2021-03-03 13:16:20 nonce 7C53C000: hash = 997eec70fc37b6285de88b2f674300c3be7ad3afc9054644e1bdd7edaf81089f (target = 00000ffff0000000000000000000000000000000000000000000000000000000)
2021-03-03 13:16:21 nonce 7C53D000: hash = 3b0e8f5ce5a6c25342f801c9be5d6016efd908bb946c6ff84038b6ff692be703 (target = 00000ffff0000000000000000000000000000000000000000000000000000000)
2021-03-03 13:16:23 nonce 7C53E000: hash = 3ad103e63e4a18b9dfb9cffc4e62e1ad44154bcd08b6ac7a5976fb7ee5fc3922 (target = 00000ffff0000000000000000000000000000000000000000000000000000000)
2021-03-03 13:16:24 nonce 7C53F000: hash = 9a438e9ab4ec707f91b9e5ab8df468fffc7415082b611476c9c402064b47c5fd (target = 00000ffff0000000000000000000000000000000000000000000000000000000)
2021-03-03 13:16:26 nonce 7C540000: hash = 5c9f45c8bc41173b6aeb66c8e4040d0e7e60521bf5505c22b0bb1619be449061 (target = 00000ffff0000000000000000000000000000000000000000000000000000000)
2021-03-03 13:16:27 nonce 7C541000: hash = d137a7a6df1910d6a60896ddac5478e05126ddabfbb15692179d7a030075a2e6 (target = 00000ffff0000000000000000000000000000000000000000000000000000000)
2021-03-03 13:16:29 nonce 7C542000: hash = a57008063c9743bdfc7603395c29956d7708ff3518c93378479dcfea89225fd2 (target = 00000ffff0000000000000000000000000000000000000000000000000000000)
2021-03-03 13:16:30 nonce 7C543000: hash = fa178692250d2ffc692b69d2eeccbd5e2c55292213f9169076faa2345a9d5b10 (target = 00000ffff0000000000000000000000000000000000000000000000000000000)
2021-03-03 13:16:32 nonce 7C544000: hash = ae883ce45286a1facdfb0c4b5fa513d99dbd0251f61667c9d0f77416c7992615 (target = 00000ffff0000000000000000000000000000000000000000000000000000000)
2021-03-03 13:16:33 nonce 7C545000: hash = 4a3ba943898de60471c2310802fede3e601823c91e51bc68cfe80da43449cc62 (target = 00000ffff0000000000000000000000000000000000000000000000000000000)
2021-03-03 13:16:35 nonce 7C546000: hash = 2fd4a7a516455556d2f1e76ae02c2dd463e15fa9cc8f4a149917d0f47dc9ca41 (target = 00000ffff0000000000000000000000000000000000000000000000000000000)
2021-03-03 13:16:36 nonce 7C547000: hash = 7861e57c8c904e0a7bfee3a2a0e3c6c45bd2dd667ee086ffc0d67d00bdd31ef4 (target = 00000ffff0000000000000000000000000000000000000000000000000000000)
2021-03-03 13:16:38 nonce 7C548000: hash = 89f0baf14ea95d95e9bcdaad630e54ef549f5a91504827a74f5297edb22b568e (target = 00000ffff0000000000000000000000000000000000000000000000000000000)
2021-03-03 13:16:39 nonce 7C549000: hash = ec8697eeb8b0e8239dc05d6a6ea4570394eb2496aba9c5decc519baf3288069d (target = 00000ffff0000000000000000000000000000000000000000000000000000000)
2021-03-03 13:16:40 nonce 7C54A000: hash = c036afeeb2897c7799ecd95c750a330fe08c375d959d0f09fd38bb4984cc69b7 (target = 00000ffff0000000000000000000000000000000000000000000000000000000)
2021-03-03 13:16:42 nonce 7C54B000: hash = e9f03ef0d7d384a96dc0613032d5ca4363750189d0d765ee6f2a3cced363eb1f (target = 00000ffff0000000000000000000000000000000000000000000000000000000)
2021-03-03 13:16:43 nonce 7C54C000: hash = 210fc0ac1b123057fdb32ed38a35f1c8445ad6ca05c385fa74e4511d8936d3bd (target = 00000ffff0000000000000000000000000000000000000000000000000000000)
2021-03-03 13:16:45 nonce 7C54D000: hash = 4df8ed83e203ea05c11749dea02047b29c355a7432fc707c808ac5a4dc3ae441 (target = 00000ffff0000000000000000000000000000000000000000000000000000000)
2021-03-03 13:16:46 nonce 7C54E000: hash = 831601d7c0195b8ef4d7618db69175acd51368370a70d948df27f91eb6995503 (target = 00000ffff0000000000000000000000000000000000000000000000000000000)
2021-03-03 13:16:48 nonce 7C54F000: hash = 1a8d7962a508f3e68ef1f0df9b2e1d1b88a41f6d37fbdec3cc0f9e18890284a7 (target = 00000ffff0000000000000000000000000000000000000000000000000000000)
2021-03-03 13:16:49 nonce 7C550000: hash = 3d6a3c3bd22d9a4aa94f7e69d70452c4e2064a11939235cb8e8efe71700aa6ef (target = 00000ffff0000000000000000000000000000000000000000000000000000000)
2021-03-03 13:16:51 nonce 7C551000: hash = 7dee647adbcfc199fd2f702419ac0d32c14c0c1706c6dcc5c1491d352c6e4b5f (target = 00000ffff0000000000000000000000000000000000000000000000000000000)
2021-03-03 13:16:52 nonce 7C552000: hash = 8a731032fd0fdc6ef44cc0ac2cf8cc10af42c9e23b75940002f8fa7447359aa4 (target = 00000ffff0000000000000000000000000000000000000000000000000000000)
2021-03-03 13:16:54 nonce 7C553000: hash = 9eeb6e23586be573dacb9feff39113cb4ffbba8873096b807f67d366b288101e (target = 00000ffff0000000000000000000000000000000000000000000000000000000)
2021-03-03 13:16:55 nonce 7C554000: hash = 709508e1c855be8b8ed77633eb32c10664f1a78eef3d6cc69cab8fb2c8caddbe (target = 00000ffff0000000000000000000000000000000000000000000000000000000)
2021-03-03 13:16:57 nonce 7C555000: hash = c313a8a8044996b186b33ab1efc6a351dd66bbffe4d2e5b1bfe901a6018b0299 (target = 00000ffff0000000000000000000000000000000000000000000000000000000)
2021-03-03 13:16:58 nonce 7C556000: hash = dbe3eb57dbee3c279ef121d04c1354069bb38994b0d6f467b3bcaa9fa58a0aac (target = 00000ffff0000000000000000000000000000000000000000000000000000000)
2021-03-03 13:17:00 nonce 7C557000: hash = 409f04bad5b554613693b4d5163e67282420d97d834b3d0ad8d78fd84506716e (target = 00000ffff0000000000000000000000000000000000000000000000000000000)
2021-03-03 13:17:01 nonce 7C558000: hash = ba34be79469ea4df63073aed14e566e8e569d6d5853a533b49ddd7aca7d7685d (target = 00000ffff0000000000000000000000000000000000000000000000000000000)
2021-03-03 13:17:03 nonce 7C559000: hash = fd1503f4f6390e84074a42ea984b51011f1e72c0cccee31b160e9edaaeee9db8 (target = 00000ffff0000000000000000000000000000000000000000000000000000000)
2021-03-03 13:17:04 nonce 7C55A000: hash = e5e752eb3ae867a7b84067a77c81887d332f9ed88f1fe0278293e1a2074e7ab1 (target = 00000ffff0000000000000000000000000000000000000000000000000000000)
2021-03-03 13:17:05 nonce 7C55B000: hash = 804e8dcc75f8aaa8cde9d3d1312dfd07ccabb8654e78c882616a4971018c6085 (target = 00000ffff0000000000000000000000000000000000000000000000000000000)
2021-03-03 13:17:07 nonce 7C55C000: hash = 5412829a03cf747a9915102417c121fee33d9c560004355267565059b972f27e (target = 00000ffff0000000000000000000000000000000000000000000000000000000)
2021-03-03 13:17:08 nonce 7C55D000: hash = 53bb929bc74657dd4d540a990085215a32fcf157019294a4a9136b1d55d88bb9 (target = 00000ffff0000000000000000000000000000000000000000000000000000000)
2021-03-03 13:17:10 nonce 7C55E000: hash = 5c85f013ae875c1bc1b15aabbdb5eebdcdf42bf94f0dc0806db881f0128e3cf5 (target = 00000ffff0000000000000000000000000000000000000000000000000000000)
2021-03-03 13:17:11 nonce 7C55F000: hash = 4f1109361ca397e8b8a6cb4ba8c3faadbd2f2d1934510c59fb47b72b18e30958 (target = 00000ffff0000000000000000000000000000000000000000000000000000000)
2021-03-03 13:17:13 nonce 7C560000: hash = fa669e336f583b2a58bfbc3c152db99a752c1acd09bfb109fb2b077edf1a40fd (target = 00000ffff0000000000000000000000000000000000000000000000000000000)
2021-03-03 13:17:14 nonce 7C561000: hash = ad318026fda0404a95a9d5283205fb965040747c193c1fa971c847ea90ac3e93 (target = 00000ffff0000000000000000000000000000000000000000000000000000000)
2021-03-03 13:17:16 nonce 7C562000: hash = 8bb20b2e08bdeb5b3cf9e87b67be3d42a97616f240e9e6ab3505507968bbea77 (target = 00000ffff0000000000000000000000000000000000000000000000000000000)
2021-03-03 13:17:18 nonce 7C563000: hash = b3e3afc934be82161f095956196aae43e7c941cc15f3a79abb3c8d869db9604b (target = 00000ffff0000000000000000000000000000000000000000000000000000000)
2021-03-03 13:17:19 nonce 7C564000: hash = c88f1fc2fc86a5e27d90dedc80ac30a1c1758c8ee1e616d48e670e925acc9d18 (target = 00000ffff0000000000000000000000000000000000000000000000000000000)
2021-03-03 13:17:21 nonce 7C565000: hash = 61d1640f13d5196fa2f3619be5e9ad039908bd38c703fa19c33bfeb31f6c7553 (target = 00000ffff0000000000000000000000000000000000000000000000000000000)
2021-03-03 13:17:22 nonce 7C566000: hash = 7bab0fdd5a4ff21f182122867436d46553a530d419a40092830fad2253284df4 (target = 00000ffff0000000000000000000000000000000000000000000000000000000)
2021-03-03 13:17:24 nonce 7C567000: hash = 655007e79c02d831998c19b2838c077922a758b49b8bf3288b14cf9d49d97b93 (target = 00000ffff0000000000000000000000000000000000000000000000000000000)
2021-03-03 13:17:25 nonce 7C568000: hash = 500439eb0521d515f1daa4bf8bccac907e44bd3ee1e2f6b5d0c5b39694717deb (target = 00000ffff0000000000000000000000000000000000000000000000000000000)
2021-03-03 13:17:26 block.nTime = 1614773891 
2021-03-03 13:17:26 block.nNonce = 2086046156 
2021-03-03 13:17:26 block.GetHash = 537fe486bcc9677a0eb9e7a8b2df4b8ebd685e5417680407e3efbd082489fa7b
2021-03-03 13:17:26 537fe486bcc9677a0eb9e7a8b2df4b8ebd685e5417680407e3efbd082489fa7b
2021-03-03 13:17:26 0000000000000000000000000000000000000000000000000000000000000000
2021-03-03 13:17:26 ba0755a6b873568f7ab272a7d187c195fa5c514a65891ea11cf3b7688ba68e4e
2021-03-03 13:17:26 CBlock(hash=537fe486bcc9677a0eb9e7a8b2df4b8ebd685e5417680407e3efbd082489fa7b, input=0100000000000000000000000000000000000000000000000000000000000000000000004e8ea68b68b7f31ca11e89654a515cfa95c187d1a772b27a8f5673b8a65507ba837e3f60f0ff0f1ecc89567c, PoW=0000032e5b278fab19c00f6cda79ff571013795c53d4a60415bce11e4d6ac242, ver=1, hashPrevBlock=0000000000000000000000000000000000000000000000000000000000000000, hashMerkleRoot=ba0755a6b873568f7ab272a7d187c195fa5c514a65891ea11cf3b7688ba68e4e, nTime=1614773891, nBits=1e0ffff0, nNonce=2086046156, vtx=1)
2021-03-03 13:17:26   CTransaction(hash=ba0755a6b873568f7ab272a7d187c195fa5c514a65891ea11cf3b7688ba68e4e, ver=1, vin.size=1, vout.size=1, nLockTime=0)
    CTxIn(COutPoint(0000000000000000000000000000000000000000000000000000000000000000, 4294967295), coinbase 04ffff001d0104184c69746869756d204b696c6c206f757220416e7869657479)
    CTxOut(nValue=50.00000000, scriptPubKey=0490ad487a642c9baffd54b2042cf7)
  vMerkleTree: ba0755a6b873568f7ab272a7d187c195fa5c514a65891ea11cf3b7688ba68e4e 
2021-03-03 13:57:32 



















2021-03-03 13:57:32 Lithium version v0.8.7.5-unk-beta (2015-01-12 16:55:18 -1000)
2021-03-03 13:57:32 Using OpenSSL version OpenSSL 1.0.2g  1 Mar 2016
2021-03-03 13:57:32 Default data directory /home/altcoin/.lithium
2021-03-03 13:57:32 Using data directory /home/altcoin/.lithium
2021-03-03 13:57:32 Using at most 125 connections (1024 file descriptors available)
2021-03-03 13:57:32 init message: Verifying wallet...
2021-03-03 13:57:32 dbenv.open LogDir=/home/altcoin/.lithium/database ErrorFile=/home/altcoin/.lithium/db.log
2021-03-03 13:57:32 Bound to [::]:2333
2021-03-03 13:57:32 Bound to 0.0.0.0:2333
2021-03-03 13:57:33 init message: Loading block index...
2021-03-03 13:57:33 Opening LevelDB in /home/altcoin/.lithium/blocks/index
2021-03-03 13:57:33 Opened LevelDB successfully
2021-03-03 13:57:33 Opening LevelDB in /home/altcoin/.lithium/chainstate
2021-03-03 13:57:33 Opened LevelDB successfully
2021-03-03 13:57:33 LoadBlockIndexDB(): last block file = 0
2021-03-03 13:57:33 LoadBlockIndexDB(): transaction index disabled
2021-03-03 13:57:33 Initializing databases...
2021-03-03 13:57:33 537fe486bcc9677a0eb9e7a8b2df4b8ebd685e5417680407e3efbd082489fa7b
2021-03-03 13:57:33 537fe486bcc9677a0eb9e7a8b2df4b8ebd685e5417680407e3efbd082489fa7b
2021-03-03 13:57:33 ba0755a6b873568f7ab272a7d187c195fa5c514a65891ea11cf3b7688ba68e4e
2021-03-03 13:57:33 CBlock(hash=537fe486bcc9677a0eb9e7a8b2df4b8ebd685e5417680407e3efbd082489fa7b, input=0100000000000000000000000000000000000000000000000000000000000000000000004e8ea68b68b7f31ca11e89654a515cfa95c187d1a772b27a8f5673b8a65507ba837e3f60f0ff0f1ecc89567c, PoW=0000032e5b278fab19c00f6cda79ff571013795c53d4a60415bce11e4d6ac242, ver=1, hashPrevBlock=0000000000000000000000000000000000000000000000000000000000000000, hashMerkleRoot=ba0755a6b873568f7ab272a7d187c195fa5c514a65891ea11cf3b7688ba68e4e, nTime=1614773891, nBits=1e0ffff0, nNonce=2086046156, vtx=1)
2021-03-03 13:57:33   CTransaction(hash=ba0755a6b873568f7ab272a7d187c195fa5c514a65891ea11cf3b7688ba68e4e, ver=1, vin.size=1, vout.size=1, nLockTime=0)
    CTxIn(COutPoint(0000000000000000000000000000000000000000000000000000000000000000, 4294967295), coinbase 04ffff001d0104184c69746869756d204b696c6c206f757220416e7869657479)
    CTxOut(nValue=50.00000000, scriptPubKey=0490ad487a642c9baffd54b2042cf7)
  vMerkleTree: ba0755a6b873568f7ab272a7d187c195fa5c514a65891ea11cf3b7688ba68e4e 
2021-03-03 13:57:33 Pre-allocating up to position 0x1000000 in blk00000.dat
2021-03-03 13:57:33 SetBestChain: new best=537fe486bcc9677a0eb9e7a8b2df4b8ebd685e5417680407e3efbd082489fa7b  height=0  log2_work=20,000022  tx=1  date=2021-03-03 12:18:11 progress=0,020283
2021-03-03 13:57:33 init message: Verifying blocks...
2021-03-03 13:57:33  block index              27ms
2021-03-03 13:57:33 init message: Loading wallet...
2021-03-03 13:57:33 nFileVersion = 80705
2021-03-03 13:57:33 Performing wallet upgrade to 60000
2021-03-03 13:57:33 keypool added key 1, size=1
2021-03-03 13:57:33 keypool added key 2, size=2
2021-03-03 13:57:33 keypool added key 3, size=3
2021-03-03 13:57:33 keypool added key 4, size=4
2021-03-03 13:57:33 keypool added key 5, size=5
2021-03-03 13:57:33 keypool added key 6, size=6
2021-03-03 13:57:33 keypool added key 7, size=7
2021-03-03 13:57:33 keypool added key 8, size=8
2021-03-03 13:57:33 keypool added key 9, size=9
2021-03-03 13:57:33 keypool added key 10, size=10
2021-03-03 13:57:33 keypool added key 11, size=11
2021-03-03 13:57:33 keypool added key 12, size=12
2021-03-03 13:57:33 keypool added key 13, size=13
2021-03-03 13:57:33 keypool added key 14, size=14
2021-03-03 13:57:33 keypool added key 15, size=15
2021-03-03 13:57:33 keypool added key 16, size=16
2021-03-03 13:57:33 keypool added key 17, size=17
2021-03-03 13:57:33 keypool added key 18, size=18
2021-03-03 13:57:33 keypool added key 19, size=19
2021-03-03 13:57:33 keypool added key 20, size=20
2021-03-03 13:57:33 keypool added key 21, size=21
2021-03-03 13:57:33 keypool added key 22, size=22
2021-03-03 13:57:33 keypool added key 23, size=23
2021-03-03 13:57:33 keypool added key 24, size=24
2021-03-03 13:57:33 keypool added key 25, size=25
2021-03-03 13:57:33 keypool added key 26, size=26
2021-03-03 13:57:33 keypool added key 27, size=27
2021-03-03 13:57:33 keypool added key 28, size=28
2021-03-03 13:57:33 keypool added key 29, size=29
2021-03-03 13:57:33 keypool added key 30, size=30
2021-03-03 13:57:33 keypool added key 31, size=31
2021-03-03 13:57:33 keypool added key 32, size=32
2021-03-03 13:57:33 keypool added key 33, size=33
2021-03-03 13:57:33 keypool added key 34, size=34
2021-03-03 13:57:33 keypool added key 35, size=35
2021-03-03 13:57:33 keypool added key 36, size=36
2021-03-03 13:57:33 keypool added key 37, size=37
2021-03-03 13:57:33 keypool added key 38, size=38
2021-03-03 13:57:33 keypool added key 39, size=39
2021-03-03 13:57:33 keypool added key 40, size=40
2021-03-03 13:57:33 keypool added key 41, size=41
2021-03-03 13:57:33 keypool added key 42, size=42
2021-03-03 13:57:33 keypool added key 43, size=43
2021-03-03 13:57:33 keypool added key 44, size=44
2021-03-03 13:57:33 keypool added key 45, size=45
2021-03-03 13:57:33 keypool added key 46, size=46
2021-03-03 13:57:33 keypool added key 47, size=47
2021-03-03 13:57:33 keypool added key 48, size=48
2021-03-03 13:57:33 keypool added key 49, size=49
2021-03-03 13:57:33 keypool added key 50, size=50
2021-03-03 13:57:33 keypool added key 51, size=51
2021-03-03 13:57:33 keypool added key 52, size=52
2021-03-03 13:57:33 keypool added key 53, size=53
2021-03-03 13:57:33 keypool added key 54, size=54
2021-03-03 13:57:33 keypool added key 55, size=55
2021-03-03 13:57:33 keypool added key 56, size=56
2021-03-03 13:57:33 keypool added key 57, size=57
2021-03-03 13:57:33 keypool added key 58, size=58
2021-03-03 13:57:33 keypool added key 59, size=59
2021-03-03 13:57:33 keypool added key 60, size=60
2021-03-03 13:57:33 keypool added key 61, size=61
2021-03-03 13:57:33 keypool added key 62, size=62
2021-03-03 13:57:33 keypool added key 63, size=63
2021-03-03 13:57:33 keypool added key 64, size=64
2021-03-03 13:57:33 keypool added key 65, size=65
2021-03-03 13:57:33 keypool added key 66, size=66
2021-03-03 13:57:33 keypool added key 67, size=67
2021-03-03 13:57:33 keypool added key 68, size=68
2021-03-03 13:57:33 keypool added key 69, size=69
2021-03-03 13:57:33 keypool added key 70, size=70
2021-03-03 13:57:33 keypool added key 71, size=71
2021-03-03 13:57:33 keypool added key 72, size=72
2021-03-03 13:57:33 keypool added key 73, size=73
2021-03-03 13:57:33 keypool added key 74, size=74
2021-03-03 13:57:33 keypool added key 75, size=75
2021-03-03 13:57:33 keypool added key 76, size=76
2021-03-03 13:57:33 keypool added key 77, size=77
2021-03-03 13:57:33 keypool added key 78, size=78
2021-03-03 13:57:33 keypool added key 79, size=79
2021-03-03 13:57:33 keypool added key 80, size=80
2021-03-03 13:57:33 keypool added key 81, size=81
2021-03-03 13:57:33 keypool added key 82, size=82
2021-03-03 13:57:33 keypool added key 83, size=83
2021-03-03 13:57:33 keypool added key 84, size=84
2021-03-03 13:57:33 keypool added key 85, size=85
2021-03-03 13:57:33 keypool added key 86, size=86
2021-03-03 13:57:33 keypool added key 87, size=87
2021-03-03 13:57:33 keypool added key 88, size=88
2021-03-03 13:57:33 keypool added key 89, size=89
2021-03-03 13:57:33 keypool added key 90, size=90
2021-03-03 13:57:33 keypool added key 91, size=91
2021-03-03 13:57:33 keypool added key 92, size=92
2021-03-03 13:57:33 keypool added key 93, size=93
2021-03-03 13:57:33 keypool added key 94, size=94
2021-03-03 13:57:33 keypool added key 95, size=95
2021-03-03 13:57:33 keypool added key 96, size=96
2021-03-03 13:57:33 keypool added key 97, size=97
2021-03-03 13:57:33 keypool added key 98, size=98
2021-03-03 13:57:33 keypool added key 99, size=99
2021-03-03 13:57:33 keypool added key 100, size=100
2021-03-03 13:57:33 keypool added key 101, size=101
2021-03-03 13:57:33 keypool reserve 1
2021-03-03 13:57:33 keypool keep 1
2021-03-03 13:57:33  wallet                  415ms
2021-03-03 13:57:33 init message: Loading addresses...
2021-03-03 13:57:33 ERROR: CAddrman::Read() : open failed
2021-03-03 13:57:33 Invalid or missing peers.dat; recreating
2021-03-03 13:57:33 Loaded 0 addresses from peers.dat  0ms
2021-03-03 13:57:33 mapBlockIndex.size() = 1
2021-03-03 13:57:33 nBestHeight = 0
2021-03-03 13:57:33 setKeyPool.size() = 100
2021-03-03 13:57:33 mapWallet.size() = 0
2021-03-03 13:57:33 mapAddressBook.size() = 1
2021-03-03 13:57:33 opencon thread start
2021-03-03 13:57:33 msghand thread start
2021-03-03 13:57:33 dumpaddr thread start
2021-03-03 13:57:33 addcon thread start
2021-03-03 13:57:33 init message: Done loading
2021-03-03 13:57:33 net thread start
2021-03-03 13:57:33 upnp thread start
2021-03-03 13:57:33 dnsseed thread start
2021-03-03 13:57:33 Loading addresses from DNS seeds (could take a while)
2021-03-03 13:57:33 0 addresses found from DNS seeds
2021-03-03 13:57:33 dnsseed thread exit
2021-03-03 13:57:35 refreshWallet
2021-03-03 13:57:38 connection timeout
2021-03-03 13:57:38 ERROR: GetMyExternalIP() : connection to 91.198.22.70:80 failed
2021-03-03 13:57:38 GetMyExternalIP() received [186.220.134.241] 186.220.134.241:0
2021-03-03 13:57:38 GetMyExternalIP() returned 186.220.134.241
2021-03-03 13:57:38 AddLocal(186.220.134.241:2333,4)
2021-03-03 13:57:41 No valid UPnP IGDs found
2021-03-03 13:57:41 upnp thread exit
2021-03-03 13:58:47 net thread interrupt
2021-03-03 13:58:47 addcon thread interrupt
2021-03-03 13:58:47 opencon thread interrupt
2021-03-03 13:58:47 msghand thread interrupt
2021-03-03 13:58:47 dumpaddr thread stop
2021-03-03 13:58:47 Shutdown : In progress...
2021-03-03 13:58:47 Flush(false)
2021-03-03 13:58:47 wallet.dat refcount=0
2021-03-03 13:58:47 wallet.dat checkpoint
2021-03-03 13:58:47 wallet.dat detach
2021-03-03 13:58:47 wallet.dat closed
2021-03-03 13:58:47 DBFlush(false) ended               6ms
2021-03-03 13:58:47 StopNode()
2021-03-03 13:58:47 Flushed 0 addresses to peers.dat  3ms
2021-03-03 13:58:47 Committing 0 changed transactions to coin database...
2021-03-03 13:58:47 Flush(true)
2021-03-03 13:58:47 wallet.dat refcount=0
2021-03-03 13:58:47 wallet.dat checkpoint
2021-03-03 13:58:47 wallet.dat detach
2021-03-03 13:58:47 wallet.dat closed
2021-03-03 13:58:47 DBFlush(true) ended               3ms
2021-03-03 13:58:47 Shutdown : done
2021-03-04 14:05:29 



















2021-03-04 14:05:29 Lithium version v0.8.7.5-unk-beta (2015-01-12 16:55:18 -1000)
2021-03-04 14:05:29 Using OpenSSL version OpenSSL 1.0.2g  1 Mar 2016
2021-03-04 14:05:29 Default data directory /home/altcoin/.lithium
2021-03-04 14:05:29 Using data directory /home/altcoin/.lithium
2021-03-04 14:05:29 Using at most 125 connections (1024 file descriptors available)
2021-03-04 14:05:29 init message: Verifying wallet...
2021-03-04 14:05:29 dbenv.open LogDir=/home/altcoin/.lithium/database ErrorFile=/home/altcoin/.lithium/db.log
2021-03-04 14:05:29 Bound to [::]:2333
2021-03-04 14:05:29 Bound to 0.0.0.0:2333
2021-03-04 14:05:29 init message: Loading block index...
2021-03-04 14:05:29 Opening LevelDB in /home/altcoin/.lithium/blocks/index
2021-03-04 14:05:29 Opened LevelDB successfully
2021-03-04 14:05:29 Opening LevelDB in /home/altcoin/.lithium/chainstate
2021-03-04 14:05:29 Opened LevelDB successfully
2021-03-04 14:05:29 LoadBlockIndexDB(): last block file = 0
2021-03-04 14:05:29 LoadBlockIndexDB(): last block file info: CBlockFileInfo(blocks=1, size=248, heights=0...0, time=2021-03-03...2021-03-03)
2021-03-04 14:05:29 LoadBlockIndexDB(): transaction index disabled
2021-03-04 14:05:29 LoadBlockIndexDB(): hashBestChain=537fe486bcc9677a0eb9e7a8b2df4b8ebd685e5417680407e3efbd082489fa7b  height=0 date=2021-03-03 12:18:11
2021-03-04 14:05:29 init message: Verifying blocks...
2021-03-04 14:05:29  block index             124ms
2021-03-04 14:05:29 init message: Loading wallet...
2021-03-04 14:05:29 nFileVersion = 80705
2021-03-04 14:05:29  wallet                  291ms
2021-03-04 14:05:29 init message: Loading addresses...
2021-03-04 14:05:29 Loaded 0 addresses from peers.dat  0ms
2021-03-04 14:05:29 mapBlockIndex.size() = 1
2021-03-04 14:05:29 nBestHeight = 0
2021-03-04 14:05:29 setKeyPool.size() = 100
2021-03-04 14:05:29 mapWallet.size() = 0
2021-03-04 14:05:29 mapAddressBook.size() = 1
2021-03-04 14:05:29 opencon thread start
2021-03-04 14:05:29 msghand thread start
2021-03-04 14:05:29 dumpaddr thread start
2021-03-04 14:05:29 addcon thread start
2021-03-04 14:05:29 init message: Done loading
2021-03-04 14:05:29 net thread start
2021-03-04 14:05:29 upnp thread start
2021-03-04 14:05:29 dnsseed thread start
2021-03-04 14:05:29 Loading addresses from DNS seeds (could take a while)
2021-03-04 14:05:29 0 addresses found from DNS seeds
2021-03-04 14:05:29 dnsseed thread exit
2021-03-04 14:05:31 refreshWallet
2021-03-04 14:05:34 connection timeout
2021-03-04 14:05:34 ERROR: GetMyExternalIP() : connection to 91.198.22.70:80 failed
2021-03-04 14:05:35 GetMyExternalIP() received [186.220.134.241] 186.220.134.241:0
2021-03-04 14:05:35 GetMyExternalIP() returned 186.220.134.241
2021-03-04 14:05:35 AddLocal(186.220.134.241:2333,4)
2021-03-04 14:05:35 No valid UPnP IGDs found
2021-03-04 14:05:35 upnp thread exit
2021-03-04 14:05:40 addcon thread interrupt
2021-03-04 14:05:40 opencon thread interrupt
2021-03-04 14:05:40 msghand thread interrupt
2021-03-04 14:05:40 dumpaddr thread stop
2021-03-04 14:05:40 net thread interrupt
2021-03-04 14:05:40 Shutdown : In progress...
2021-03-04 14:05:40 Flush(false)
2021-03-04 14:05:40 wallet.dat refcount=0
2021-03-04 14:05:40 wallet.dat checkpoint
2021-03-04 14:05:40 wallet.dat detach
2021-03-04 14:05:40 wallet.dat closed
2021-03-04 14:05:40 DBFlush(false) ended              97ms
2021-03-04 14:05:40 StopNode()
2021-03-04 14:05:40 Flushed 0 addresses to peers.dat  42ms
2021-03-04 14:05:40 Committing 0 changed transactions to coin database...
2021-03-04 14:05:40 Flush(true)
2021-03-04 14:05:40 wallet.dat refcount=0
2021-03-04 14:05:40 wallet.dat checkpoint
2021-03-04 14:05:40 wallet.dat detach
2021-03-04 14:05:40 wallet.dat closed
2021-03-04 14:05:40 DBFlush(true) ended               8ms
2021-03-04 14:05:40 Shutdown : done
2021-03-04 14:06:17 



















2021-03-04 14:06:17 Lithium version v0.8.7.5-unk-beta (2015-01-12 16:55:18 -1000)
2021-03-04 14:06:17 Using OpenSSL version OpenSSL 1.0.2g  1 Mar 2016
2021-03-04 14:06:17 Default data directory /home/altcoin/.lithium
2021-03-04 14:06:17 Using data directory /home/altcoin/.lithium
2021-03-04 14:06:17 Using at most 125 connections (1024 file descriptors available)
2021-03-04 14:06:17 init message: Verifying wallet...
2021-03-04 14:06:17 dbenv.open LogDir=/home/altcoin/.lithium/database ErrorFile=/home/altcoin/.lithium/db.log
2021-03-04 14:06:17 Bound to [::]:2333
2021-03-04 14:06:17 Bound to 0.0.0.0:2333
2021-03-04 14:06:17 init message: Loading block index...
2021-03-04 14:06:17 Opening LevelDB in /home/altcoin/.lithium/blocks/index
2021-03-04 14:06:17 Opened LevelDB successfully
2021-03-04 14:06:17 Opening LevelDB in /home/altcoin/.lithium/chainstate
2021-03-04 14:06:17 Opened LevelDB successfully
2021-03-04 14:06:17 LoadBlockIndexDB(): last block file = 0
2021-03-04 14:06:17 LoadBlockIndexDB(): last block file info: CBlockFileInfo(blocks=1, size=248, heights=0...0, time=2021-03-03...2021-03-03)
2021-03-04 14:06:17 LoadBlockIndexDB(): transaction index disabled
2021-03-04 14:06:17 LoadBlockIndexDB(): hashBestChain=537fe486bcc9677a0eb9e7a8b2df4b8ebd685e5417680407e3efbd082489fa7b  height=0 date=2021-03-03 12:18:11
2021-03-04 14:06:17 init message: Verifying blocks...
2021-03-04 14:06:17  block index              19ms
2021-03-04 14:06:17 init message: Loading wallet...
2021-03-04 14:06:17 nFileVersion = 80705
2021-03-04 14:06:17  wallet                  281ms
2021-03-04 14:06:17 init message: Loading addresses...
2021-03-04 14:06:17 Loaded 0 addresses from peers.dat  0ms
2021-03-04 14:06:17 mapBlockIndex.size() = 1
2021-03-04 14:06:17 nBestHeight = 0
2021-03-04 14:06:17 setKeyPool.size() = 100
2021-03-04 14:06:17 mapWallet.size() = 0
2021-03-04 14:06:17 mapAddressBook.size() = 1
2021-03-04 14:06:17 opencon thread start
2021-03-04 14:06:17 msghand thread start
2021-03-04 14:06:17 dumpaddr thread start
2021-03-04 14:06:17 init message: Done loading
2021-03-04 14:06:17 addcon thread start
2021-03-04 14:06:17 net thread start
2021-03-04 14:06:17 upnp thread start
2021-03-04 14:06:17 dnsseed thread start
2021-03-04 14:06:17 Loading addresses from DNS seeds (could take a while)
2021-03-04 14:06:17 0 addresses found from DNS seeds
2021-03-04 14:06:17 dnsseed thread exit
2021-03-04 14:06:19 refreshWallet
2021-03-04 14:06:22 addcon thread interrupt
2021-03-04 14:06:22 opencon thread interrupt
2021-03-04 14:06:22 msghand thread interrupt
2021-03-04 14:06:22 dumpaddr thread stop
2021-03-04 14:06:22 net thread interrupt
2021-03-04 14:06:22 Shutdown : In progress...
2021-03-04 14:06:22 Flush(false)
2021-03-04 14:06:22 wallet.dat refcount=0
2021-03-04 14:06:22 wallet.dat checkpoint
2021-03-04 14:06:22 wallet.dat detach
2021-03-04 14:06:22 wallet.dat closed
2021-03-04 14:06:22 DBFlush(false) ended              44ms
2021-03-04 14:06:22 StopNode()
2021-03-04 14:06:22 connection timeout
2021-03-04 14:06:22 ERROR: GetMyExternalIP() : connection to 91.198.22.70:80 failed
2021-03-04 14:06:23 GetMyExternalIP() received [186.220.134.241] 186.220.134.241:0
2021-03-04 14:06:23 GetMyExternalIP() returned 186.220.134.241
2021-03-04 14:06:23 AddLocal(186.220.134.241:2333,4)
2021-03-04 14:06:24 No valid UPnP IGDs found
2021-03-04 14:06:24 upnp thread exit
2021-03-04 14:06:24 Flushed 0 addresses to peers.dat  3ms
2021-03-04 14:06:24 Committing 0 changed transactions to coin database...
2021-03-04 14:06:24 Flush(true)
2021-03-04 14:06:24 wallet.dat refcount=0
2021-03-04 14:06:24 wallet.dat checkpoint
2021-03-04 14:06:24 wallet.dat detach
2021-03-04 14:06:24 wallet.dat closed
2021-03-04 14:06:24 DBFlush(true) ended               6ms
2021-03-04 14:06:24 Shutdown : done
